------------------------------------------------------------
 Model:        tpxo9.v1
 Constituents included: m2  s2  n2  k2  k1  o1  p1  q1  mm  mf  m4  mn4 ms4 2n2 
 s1  
 
     Lat       Lon        mm.dd.yyyy hh:mm:ss     z(m)   Depth(m)
 
    36.1889  -75.9000     10.12.1994 17:00:00     0.418    10.076
    36.1889  -75.9000     10.12.1994 17:00:10     0.419    10.076
    36.1889  -75.9000     10.12.1994 17:00:20     0.419    10.076
    36.1889  -75.9000     10.12.1994 17:00:30     0.420    10.076
    36.1889  -75.9000     10.12.1994 17:00:40     0.420    10.076
    36.1889  -75.9000     10.12.1994 17:00:50     0.421    10.076
    36.1889  -75.9000     10.12.1994 17:01:00     0.421    10.076
    36.1889  -75.9000     10.12.1994 17:01:10     0.422    10.076
    36.1889  -75.9000     10.12.1994 17:01:20     0.422    10.076
    36.1889  -75.9000     10.12.1994 17:01:30     0.423    10.076
    36.1889  -75.9000     10.12.1994 17:01:40     0.423    10.076
    36.1889  -75.9000     10.12.1994 17:01:50     0.424    10.076
    36.1889  -75.9000     10.12.1994 17:02:00     0.424    10.076
    36.1889  -75.9000     10.12.1994 17:02:10     0.425    10.076
    36.1889  -75.9000     10.12.1994 17:02:20     0.425    10.076
    36.1889  -75.9000     10.12.1994 17:02:30     0.426    10.076
    36.1889  -75.9000     10.12.1994 17:02:40     0.426    10.076
    36.1889  -75.9000     10.12.1994 17:02:50     0.427    10.076
    36.1889  -75.9000     10.12.1994 17:03:00     0.427    10.076
    36.1889  -75.9000     10.12.1994 17:03:10     0.428    10.076
    36.1889  -75.9000     10.12.1994 17:03:20     0.428    10.076
    36.1889  -75.9000     10.12.1994 17:03:30     0.429    10.076
    36.1889  -75.9000     10.12.1994 17:03:40     0.429    10.076
    36.1889  -75.9000     10.12.1994 17:03:50     0.430    10.076
    36.1889  -75.9000     10.12.1994 17:04:00     0.430    10.076
    36.1889  -75.9000     10.12.1994 17:04:10     0.431    10.076
    36.1889  -75.9000     10.12.1994 17:04:20     0.431    10.076
    36.1889  -75.9000     10.12.1994 17:04:30     0.432    10.076
    36.1889  -75.9000     10.12.1994 17:04:40     0.432    10.076
    36.1889  -75.9000     10.12.1994 17:04:50     0.433    10.076
    36.1889  -75.9000     10.12.1994 17:05:00     0.433    10.076
    36.1889  -75.9000     10.12.1994 17:05:10     0.434    10.076
    36.1889  -75.9000     10.12.1994 17:05:20     0.434    10.076
    36.1889  -75.9000     10.12.1994 17:05:30     0.435    10.076
    36.1889  -75.9000     10.12.1994 17:05:40     0.435    10.076
    36.1889  -75.9000     10.12.1994 17:05:50     0.436    10.076
    36.1889  -75.9000     10.12.1994 17:06:00     0.436    10.076
    36.1889  -75.9000     10.12.1994 17:06:10     0.437    10.076
    36.1889  -75.9000     10.12.1994 17:06:20     0.437    10.076
    36.1889  -75.9000     10.12.1994 17:06:30     0.438    10.076
    36.1889  -75.9000     10.12.1994 17:06:40     0.438    10.076
    36.1889  -75.9000     10.12.1994 17:06:50     0.438    10.076
    36.1889  -75.9000     10.12.1994 17:07:00     0.439    10.076
    36.1889  -75.9000     10.12.1994 17:07:10     0.439    10.076
    36.1889  -75.9000     10.12.1994 17:07:20     0.440    10.076
    36.1889  -75.9000     10.12.1994 17:07:30     0.440    10.076
    36.1889  -75.9000     10.12.1994 17:07:40     0.441    10.076
    36.1889  -75.9000     10.12.1994 17:07:50     0.441    10.076
    36.1889  -75.9000     10.12.1994 17:08:00     0.442    10.076
    36.1889  -75.9000     10.12.1994 17:08:10     0.442    10.076
    36.1889  -75.9000     10.12.1994 17:08:20     0.443    10.076
    36.1889  -75.9000     10.12.1994 17:08:30     0.443    10.076
    36.1889  -75.9000     10.12.1994 17:08:40     0.444    10.076
    36.1889  -75.9000     10.12.1994 17:08:50     0.444    10.076
    36.1889  -75.9000     10.12.1994 17:09:00     0.445    10.076
    36.1889  -75.9000     10.12.1994 17:09:10     0.445    10.076
    36.1889  -75.9000     10.12.1994 17:09:20     0.446    10.076
    36.1889  -75.9000     10.12.1994 17:09:30     0.446    10.076
    36.1889  -75.9000     10.12.1994 17:09:40     0.447    10.076
    36.1889  -75.9000     10.12.1994 17:09:50     0.447    10.076
    36.1889  -75.9000     10.12.1994 17:10:00     0.447    10.076
    36.1889  -75.9000     10.12.1994 17:10:10     0.448    10.076
    36.1889  -75.9000     10.12.1994 17:10:20     0.448    10.076
    36.1889  -75.9000     10.12.1994 17:10:30     0.449    10.076
    36.1889  -75.9000     10.12.1994 17:10:40     0.449    10.076
    36.1889  -75.9000     10.12.1994 17:10:50     0.450    10.076
    36.1889  -75.9000     10.12.1994 17:11:00     0.450    10.076
    36.1889  -75.9000     10.12.1994 17:11:10     0.451    10.076
    36.1889  -75.9000     10.12.1994 17:11:20     0.451    10.076
    36.1889  -75.9000     10.12.1994 17:11:30     0.452    10.076
    36.1889  -75.9000     10.12.1994 17:11:40     0.452    10.076
    36.1889  -75.9000     10.12.1994 17:11:50     0.453    10.076
    36.1889  -75.9000     10.12.1994 17:12:00     0.453    10.076
    36.1889  -75.9000     10.12.1994 17:12:10     0.453    10.076
    36.1889  -75.9000     10.12.1994 17:12:20     0.454    10.076
    36.1889  -75.9000     10.12.1994 17:12:30     0.454    10.076
    36.1889  -75.9000     10.12.1994 17:12:40     0.455    10.076
    36.1889  -75.9000     10.12.1994 17:12:50     0.455    10.076
    36.1889  -75.9000     10.12.1994 17:13:00     0.456    10.076
    36.1889  -75.9000     10.12.1994 17:13:10     0.456    10.076
    36.1889  -75.9000     10.12.1994 17:13:20     0.457    10.076
    36.1889  -75.9000     10.12.1994 17:13:30     0.457    10.076
    36.1889  -75.9000     10.12.1994 17:13:40     0.457    10.076
    36.1889  -75.9000     10.12.1994 17:13:50     0.458    10.076
    36.1889  -75.9000     10.12.1994 17:14:00     0.458    10.076
    36.1889  -75.9000     10.12.1994 17:14:10     0.459    10.076
    36.1889  -75.9000     10.12.1994 17:14:20     0.459    10.076
    36.1889  -75.9000     10.12.1994 17:14:30     0.460    10.076
    36.1889  -75.9000     10.12.1994 17:14:40     0.460    10.076
    36.1889  -75.9000     10.12.1994 17:14:50     0.461    10.076
    36.1889  -75.9000     10.12.1994 17:15:00     0.461    10.076
    36.1889  -75.9000     10.12.1994 17:15:10     0.461    10.076
    36.1889  -75.9000     10.12.1994 17:15:20     0.462    10.076
    36.1889  -75.9000     10.12.1994 17:15:30     0.462    10.076
    36.1889  -75.9000     10.12.1994 17:15:40     0.463    10.076
    36.1889  -75.9000     10.12.1994 17:15:50     0.463    10.076
    36.1889  -75.9000     10.12.1994 17:16:00     0.464    10.076
    36.1889  -75.9000     10.12.1994 17:16:10     0.464    10.076
    36.1889  -75.9000     10.12.1994 17:16:20     0.465    10.076
    36.1889  -75.9000     10.12.1994 17:16:30     0.465    10.076
    36.1889  -75.9000     10.12.1994 17:16:40     0.465    10.076
    36.1889  -75.9000     10.12.1994 17:16:50     0.466    10.076
    36.1889  -75.9000     10.12.1994 17:17:00     0.466    10.076
    36.1889  -75.9000     10.12.1994 17:17:10     0.467    10.076
    36.1889  -75.9000     10.12.1994 17:17:20     0.467    10.076
    36.1889  -75.9000     10.12.1994 17:17:30     0.468    10.076
    36.1889  -75.9000     10.12.1994 17:17:40     0.468    10.076
    36.1889  -75.9000     10.12.1994 17:17:50     0.468    10.076
    36.1889  -75.9000     10.12.1994 17:18:00     0.469    10.076
    36.1889  -75.9000     10.12.1994 17:18:10     0.469    10.076
    36.1889  -75.9000     10.12.1994 17:18:20     0.470    10.076
    36.1889  -75.9000     10.12.1994 17:18:30     0.470    10.076
    36.1889  -75.9000     10.12.1994 17:18:40     0.470    10.076
    36.1889  -75.9000     10.12.1994 17:18:50     0.471    10.076
    36.1889  -75.9000     10.12.1994 17:19:00     0.471    10.076
    36.1889  -75.9000     10.12.1994 17:19:10     0.472    10.076
    36.1889  -75.9000     10.12.1994 17:19:20     0.472    10.076
    36.1889  -75.9000     10.12.1994 17:19:30     0.473    10.076
    36.1889  -75.9000     10.12.1994 17:19:40     0.473    10.076
    36.1889  -75.9000     10.12.1994 17:19:50     0.473    10.076
    36.1889  -75.9000     10.12.1994 17:20:00     0.474    10.076
    36.1889  -75.9000     10.12.1994 17:20:10     0.474    10.076
    36.1889  -75.9000     10.12.1994 17:20:20     0.475    10.076
    36.1889  -75.9000     10.12.1994 17:20:30     0.475    10.076
    36.1889  -75.9000     10.12.1994 17:20:40     0.475    10.076
    36.1889  -75.9000     10.12.1994 17:20:50     0.476    10.076
    36.1889  -75.9000     10.12.1994 17:21:00     0.476    10.076
    36.1889  -75.9000     10.12.1994 17:21:10     0.477    10.076
    36.1889  -75.9000     10.12.1994 17:21:20     0.477    10.076
    36.1889  -75.9000     10.12.1994 17:21:30     0.478    10.076
    36.1889  -75.9000     10.12.1994 17:21:40     0.478    10.076
    36.1889  -75.9000     10.12.1994 17:21:50     0.478    10.076
    36.1889  -75.9000     10.12.1994 17:22:00     0.479    10.076
    36.1889  -75.9000     10.12.1994 17:22:10     0.479    10.076
    36.1889  -75.9000     10.12.1994 17:22:20     0.480    10.076
    36.1889  -75.9000     10.12.1994 17:22:30     0.480    10.076
    36.1889  -75.9000     10.12.1994 17:22:40     0.480    10.076
    36.1889  -75.9000     10.12.1994 17:22:50     0.481    10.076
    36.1889  -75.9000     10.12.1994 17:23:00     0.481    10.076
    36.1889  -75.9000     10.12.1994 17:23:10     0.482    10.076
    36.1889  -75.9000     10.12.1994 17:23:20     0.482    10.076
    36.1889  -75.9000     10.12.1994 17:23:30     0.482    10.076
    36.1889  -75.9000     10.12.1994 17:23:40     0.483    10.076
    36.1889  -75.9000     10.12.1994 17:23:50     0.483    10.076
    36.1889  -75.9000     10.12.1994 17:24:00     0.484    10.076
    36.1889  -75.9000     10.12.1994 17:24:10     0.484    10.076
    36.1889  -75.9000     10.12.1994 17:24:20     0.484    10.076
    36.1889  -75.9000     10.12.1994 17:24:30     0.485    10.076
    36.1889  -75.9000     10.12.1994 17:24:40     0.485    10.076
    36.1889  -75.9000     10.12.1994 17:24:50     0.486    10.076
    36.1889  -75.9000     10.12.1994 17:25:00     0.486    10.076
    36.1889  -75.9000     10.12.1994 17:25:10     0.486    10.076
    36.1889  -75.9000     10.12.1994 17:25:20     0.487    10.076
    36.1889  -75.9000     10.12.1994 17:25:30     0.487    10.076
    36.1889  -75.9000     10.12.1994 17:25:40     0.487    10.076
    36.1889  -75.9000     10.12.1994 17:25:50     0.488    10.076
    36.1889  -75.9000     10.12.1994 17:26:00     0.488    10.076
    36.1889  -75.9000     10.12.1994 17:26:10     0.489    10.076
    36.1889  -75.9000     10.12.1994 17:26:20     0.489    10.076
    36.1889  -75.9000     10.12.1994 17:26:30     0.489    10.076
    36.1889  -75.9000     10.12.1994 17:26:40     0.490    10.076
    36.1889  -75.9000     10.12.1994 17:26:50     0.490    10.076
    36.1889  -75.9000     10.12.1994 17:27:00     0.491    10.076
    36.1889  -75.9000     10.12.1994 17:27:10     0.491    10.076
    36.1889  -75.9000     10.12.1994 17:27:20     0.491    10.076
    36.1889  -75.9000     10.12.1994 17:27:30     0.492    10.076
    36.1889  -75.9000     10.12.1994 17:27:40     0.492    10.076
    36.1889  -75.9000     10.12.1994 17:27:50     0.492    10.076
    36.1889  -75.9000     10.12.1994 17:28:00     0.493    10.076
    36.1889  -75.9000     10.12.1994 17:28:10     0.493    10.076
    36.1889  -75.9000     10.12.1994 17:28:20     0.494    10.076
    36.1889  -75.9000     10.12.1994 17:28:30     0.494    10.076
    36.1889  -75.9000     10.12.1994 17:28:40     0.494    10.076
    36.1889  -75.9000     10.12.1994 17:28:50     0.495    10.076
    36.1889  -75.9000     10.12.1994 17:29:00     0.495    10.076
    36.1889  -75.9000     10.12.1994 17:29:10     0.495    10.076
    36.1889  -75.9000     10.12.1994 17:29:20     0.496    10.076
    36.1889  -75.9000     10.12.1994 17:29:30     0.496    10.076
    36.1889  -75.9000     10.12.1994 17:29:40     0.496    10.076
    36.1889  -75.9000     10.12.1994 17:29:50     0.497    10.076
    36.1889  -75.9000     10.12.1994 17:30:00     0.497    10.076
    36.1889  -75.9000     10.12.1994 17:30:10     0.498    10.076
    36.1889  -75.9000     10.12.1994 17:30:20     0.498    10.076
    36.1889  -75.9000     10.12.1994 17:30:30     0.498    10.076
    36.1889  -75.9000     10.12.1994 17:30:40     0.499    10.076
    36.1889  -75.9000     10.12.1994 17:30:50     0.499    10.076
    36.1889  -75.9000     10.12.1994 17:31:00     0.499    10.076
    36.1889  -75.9000     10.12.1994 17:31:10     0.500    10.076
    36.1889  -75.9000     10.12.1994 17:31:20     0.500    10.076
    36.1889  -75.9000     10.12.1994 17:31:30     0.500    10.076
    36.1889  -75.9000     10.12.1994 17:31:40     0.501    10.076
    36.1889  -75.9000     10.12.1994 17:31:50     0.501    10.076
    36.1889  -75.9000     10.12.1994 17:32:00     0.501    10.076
    36.1889  -75.9000     10.12.1994 17:32:10     0.502    10.076
    36.1889  -75.9000     10.12.1994 17:32:20     0.502    10.076
    36.1889  -75.9000     10.12.1994 17:32:30     0.503    10.076
    36.1889  -75.9000     10.12.1994 17:32:40     0.503    10.076
    36.1889  -75.9000     10.12.1994 17:32:50     0.503    10.076
    36.1889  -75.9000     10.12.1994 17:33:00     0.504    10.076
    36.1889  -75.9000     10.12.1994 17:33:10     0.504    10.076
    36.1889  -75.9000     10.12.1994 17:33:20     0.504    10.076
    36.1889  -75.9000     10.12.1994 17:33:30     0.505    10.076
    36.1889  -75.9000     10.12.1994 17:33:40     0.505    10.076
    36.1889  -75.9000     10.12.1994 17:33:50     0.505    10.076
    36.1889  -75.9000     10.12.1994 17:34:00     0.506    10.076
    36.1889  -75.9000     10.12.1994 17:34:10     0.506    10.076
    36.1889  -75.9000     10.12.1994 17:34:20     0.506    10.076
    36.1889  -75.9000     10.12.1994 17:34:30     0.507    10.076
    36.1889  -75.9000     10.12.1994 17:34:40     0.507    10.076
    36.1889  -75.9000     10.12.1994 17:34:50     0.507    10.076
    36.1889  -75.9000     10.12.1994 17:35:00     0.508    10.076
    36.1889  -75.9000     10.12.1994 17:35:10     0.508    10.076
    36.1889  -75.9000     10.12.1994 17:35:20     0.508    10.076
    36.1889  -75.9000     10.12.1994 17:35:30     0.509    10.076
    36.1889  -75.9000     10.12.1994 17:35:40     0.509    10.076
    36.1889  -75.9000     10.12.1994 17:35:50     0.509    10.076
    36.1889  -75.9000     10.12.1994 17:36:00     0.510    10.076
    36.1889  -75.9000     10.12.1994 17:36:10     0.510    10.076
    36.1889  -75.9000     10.12.1994 17:36:20     0.510    10.076
    36.1889  -75.9000     10.12.1994 17:36:30     0.511    10.076
    36.1889  -75.9000     10.12.1994 17:36:40     0.511    10.076
    36.1889  -75.9000     10.12.1994 17:36:50     0.511    10.076
    36.1889  -75.9000     10.12.1994 17:37:00     0.512    10.076
    36.1889  -75.9000     10.12.1994 17:37:10     0.512    10.076
    36.1889  -75.9000     10.12.1994 17:37:20     0.512    10.076
    36.1889  -75.9000     10.12.1994 17:37:30     0.513    10.076
    36.1889  -75.9000     10.12.1994 17:37:40     0.513    10.076
    36.1889  -75.9000     10.12.1994 17:37:50     0.513    10.076
    36.1889  -75.9000     10.12.1994 17:38:00     0.514    10.076
    36.1889  -75.9000     10.12.1994 17:38:10     0.514    10.076
    36.1889  -75.9000     10.12.1994 17:38:20     0.514    10.076
    36.1889  -75.9000     10.12.1994 17:38:30     0.515    10.076
    36.1889  -75.9000     10.12.1994 17:38:40     0.515    10.076
    36.1889  -75.9000     10.12.1994 17:38:50     0.515    10.076
    36.1889  -75.9000     10.12.1994 17:39:00     0.515    10.076
    36.1889  -75.9000     10.12.1994 17:39:10     0.516    10.076
    36.1889  -75.9000     10.12.1994 17:39:20     0.516    10.076
    36.1889  -75.9000     10.12.1994 17:39:30     0.516    10.076
    36.1889  -75.9000     10.12.1994 17:39:40     0.517    10.076
    36.1889  -75.9000     10.12.1994 17:39:50     0.517    10.076
    36.1889  -75.9000     10.12.1994 17:40:00     0.517    10.076
    36.1889  -75.9000     10.12.1994 17:40:10     0.518    10.076
    36.1889  -75.9000     10.12.1994 17:40:20     0.518    10.076
    36.1889  -75.9000     10.12.1994 17:40:30     0.518    10.076
    36.1889  -75.9000     10.12.1994 17:40:40     0.519    10.076
    36.1889  -75.9000     10.12.1994 17:40:50     0.519    10.076
    36.1889  -75.9000     10.12.1994 17:41:00     0.519    10.076
    36.1889  -75.9000     10.12.1994 17:41:10     0.519    10.076
    36.1889  -75.9000     10.12.1994 17:41:20     0.520    10.076
    36.1889  -75.9000     10.12.1994 17:41:30     0.520    10.076
    36.1889  -75.9000     10.12.1994 17:41:40     0.520    10.076
    36.1889  -75.9000     10.12.1994 17:41:50     0.521    10.076
    36.1889  -75.9000     10.12.1994 17:42:00     0.521    10.076
    36.1889  -75.9000     10.12.1994 17:42:10     0.521    10.076
    36.1889  -75.9000     10.12.1994 17:42:20     0.522    10.076
    36.1889  -75.9000     10.12.1994 17:42:30     0.522    10.076
    36.1889  -75.9000     10.12.1994 17:42:40     0.522    10.076
    36.1889  -75.9000     10.12.1994 17:42:50     0.522    10.076
    36.1889  -75.9000     10.12.1994 17:43:00     0.523    10.076
    36.1889  -75.9000     10.12.1994 17:43:10     0.523    10.076
    36.1889  -75.9000     10.12.1994 17:43:20     0.523    10.076
    36.1889  -75.9000     10.12.1994 17:43:30     0.524    10.076
    36.1889  -75.9000     10.12.1994 17:43:40     0.524    10.076
    36.1889  -75.9000     10.12.1994 17:43:50     0.524    10.076
    36.1889  -75.9000     10.12.1994 17:44:00     0.524    10.076
    36.1889  -75.9000     10.12.1994 17:44:10     0.525    10.076
    36.1889  -75.9000     10.12.1994 17:44:20     0.525    10.076
    36.1889  -75.9000     10.12.1994 17:44:30     0.525    10.076
    36.1889  -75.9000     10.12.1994 17:44:40     0.526    10.076
    36.1889  -75.9000     10.12.1994 17:44:50     0.526    10.076
    36.1889  -75.9000     10.12.1994 17:45:00     0.526    10.076
    36.1889  -75.9000     10.12.1994 17:45:10     0.526    10.076
    36.1889  -75.9000     10.12.1994 17:45:20     0.527    10.076
    36.1889  -75.9000     10.12.1994 17:45:30     0.527    10.076
    36.1889  -75.9000     10.12.1994 17:45:40     0.527    10.076
    36.1889  -75.9000     10.12.1994 17:45:50     0.528    10.076
    36.1889  -75.9000     10.12.1994 17:46:00     0.528    10.076
    36.1889  -75.9000     10.12.1994 17:46:10     0.528    10.076
    36.1889  -75.9000     10.12.1994 17:46:20     0.528    10.076
    36.1889  -75.9000     10.12.1994 17:46:30     0.529    10.076
    36.1889  -75.9000     10.12.1994 17:46:40     0.529    10.076
    36.1889  -75.9000     10.12.1994 17:46:50     0.529    10.076
    36.1889  -75.9000     10.12.1994 17:47:00     0.530    10.076
    36.1889  -75.9000     10.12.1994 17:47:10     0.530    10.076
    36.1889  -75.9000     10.12.1994 17:47:20     0.530    10.076
    36.1889  -75.9000     10.12.1994 17:47:30     0.530    10.076
    36.1889  -75.9000     10.12.1994 17:47:40     0.531    10.076
    36.1889  -75.9000     10.12.1994 17:47:50     0.531    10.076
    36.1889  -75.9000     10.12.1994 17:48:00     0.531    10.076
    36.1889  -75.9000     10.12.1994 17:48:10     0.531    10.076
    36.1889  -75.9000     10.12.1994 17:48:20     0.532    10.076
    36.1889  -75.9000     10.12.1994 17:48:30     0.532    10.076
    36.1889  -75.9000     10.12.1994 17:48:40     0.532    10.076
    36.1889  -75.9000     10.12.1994 17:48:50     0.532    10.076
    36.1889  -75.9000     10.12.1994 17:49:00     0.533    10.076
    36.1889  -75.9000     10.12.1994 17:49:10     0.533    10.076
    36.1889  -75.9000     10.12.1994 17:49:20     0.533    10.076
    36.1889  -75.9000     10.12.1994 17:49:30     0.533    10.076
    36.1889  -75.9000     10.12.1994 17:49:40     0.534    10.076
    36.1889  -75.9000     10.12.1994 17:49:50     0.534    10.076
    36.1889  -75.9000     10.12.1994 17:50:00     0.534    10.076
    36.1889  -75.9000     10.12.1994 17:50:10     0.534    10.076
    36.1889  -75.9000     10.12.1994 17:50:20     0.535    10.076
    36.1889  -75.9000     10.12.1994 17:50:30     0.535    10.076
    36.1889  -75.9000     10.12.1994 17:50:40     0.535    10.076
    36.1889  -75.9000     10.12.1994 17:50:50     0.535    10.076
    36.1889  -75.9000     10.12.1994 17:51:00     0.536    10.076
    36.1889  -75.9000     10.12.1994 17:51:10     0.536    10.076
    36.1889  -75.9000     10.12.1994 17:51:20     0.536    10.076
    36.1889  -75.9000     10.12.1994 17:51:30     0.536    10.076
    36.1889  -75.9000     10.12.1994 17:51:40     0.537    10.076
    36.1889  -75.9000     10.12.1994 17:51:50     0.537    10.076
    36.1889  -75.9000     10.12.1994 17:52:00     0.537    10.076
    36.1889  -75.9000     10.12.1994 17:52:10     0.537    10.076
    36.1889  -75.9000     10.12.1994 17:52:20     0.538    10.076
    36.1889  -75.9000     10.12.1994 17:52:30     0.538    10.076
    36.1889  -75.9000     10.12.1994 17:52:40     0.538    10.076
    36.1889  -75.9000     10.12.1994 17:52:50     0.538    10.076
    36.1889  -75.9000     10.12.1994 17:53:00     0.539    10.076
    36.1889  -75.9000     10.12.1994 17:53:10     0.539    10.076
    36.1889  -75.9000     10.12.1994 17:53:20     0.539    10.076
    36.1889  -75.9000     10.12.1994 17:53:30     0.539    10.076
    36.1889  -75.9000     10.12.1994 17:53:40     0.540    10.076
    36.1889  -75.9000     10.12.1994 17:53:50     0.540    10.076
    36.1889  -75.9000     10.12.1994 17:54:00     0.540    10.076
    36.1889  -75.9000     10.12.1994 17:54:10     0.540    10.076
    36.1889  -75.9000     10.12.1994 17:54:20     0.540    10.076
    36.1889  -75.9000     10.12.1994 17:54:30     0.541    10.076
    36.1889  -75.9000     10.12.1994 17:54:40     0.541    10.076
    36.1889  -75.9000     10.12.1994 17:54:50     0.541    10.076
    36.1889  -75.9000     10.12.1994 17:55:00     0.541    10.076
    36.1889  -75.9000     10.12.1994 17:55:10     0.542    10.076
    36.1889  -75.9000     10.12.1994 17:55:20     0.542    10.076
    36.1889  -75.9000     10.12.1994 17:55:30     0.542    10.076
    36.1889  -75.9000     10.12.1994 17:55:40     0.542    10.076
    36.1889  -75.9000     10.12.1994 17:55:50     0.542    10.076
    36.1889  -75.9000     10.12.1994 17:56:00     0.543    10.076
    36.1889  -75.9000     10.12.1994 17:56:10     0.543    10.076
    36.1889  -75.9000     10.12.1994 17:56:20     0.543    10.076
    36.1889  -75.9000     10.12.1994 17:56:30     0.543    10.076
    36.1889  -75.9000     10.12.1994 17:56:40     0.544    10.076
    36.1889  -75.9000     10.12.1994 17:56:50     0.544    10.076
    36.1889  -75.9000     10.12.1994 17:57:00     0.544    10.076
    36.1889  -75.9000     10.12.1994 17:57:10     0.544    10.076
    36.1889  -75.9000     10.12.1994 17:57:20     0.544    10.076
    36.1889  -75.9000     10.12.1994 17:57:30     0.545    10.076
    36.1889  -75.9000     10.12.1994 17:57:40     0.545    10.076
    36.1889  -75.9000     10.12.1994 17:57:50     0.545    10.076
    36.1889  -75.9000     10.12.1994 17:58:00     0.545    10.076
    36.1889  -75.9000     10.12.1994 17:58:10     0.545    10.076
    36.1889  -75.9000     10.12.1994 17:58:20     0.546    10.076
    36.1889  -75.9000     10.12.1994 17:58:30     0.546    10.076
    36.1889  -75.9000     10.12.1994 17:58:40     0.546    10.076
    36.1889  -75.9000     10.12.1994 17:58:50     0.546    10.076
    36.1889  -75.9000     10.12.1994 17:59:00     0.547    10.076
    36.1889  -75.9000     10.12.1994 17:59:10     0.547    10.076
    36.1889  -75.9000     10.12.1994 17:59:20     0.547    10.076
    36.1889  -75.9000     10.12.1994 17:59:30     0.547    10.076
    36.1889  -75.9000     10.12.1994 17:59:40     0.547    10.076
    36.1889  -75.9000     10.12.1994 17:59:50     0.547    10.076
    36.1889  -75.9000     10.12.1994 18:00:00     0.548    10.076
    36.1889  -75.9000     10.12.1994 18:00:10     0.548    10.076
    36.1889  -75.9000     10.12.1994 18:00:20     0.548    10.076
    36.1889  -75.9000     10.12.1994 18:00:30     0.548    10.076
    36.1889  -75.9000     10.12.1994 18:00:40     0.548    10.076
    36.1889  -75.9000     10.12.1994 18:00:50     0.549    10.076
    36.1889  -75.9000     10.12.1994 18:01:00     0.549    10.076
    36.1889  -75.9000     10.12.1994 18:01:10     0.549    10.076
    36.1889  -75.9000     10.12.1994 18:01:20     0.549    10.076
    36.1889  -75.9000     10.12.1994 18:01:30     0.549    10.076
    36.1889  -75.9000     10.12.1994 18:01:40     0.550    10.076
    36.1889  -75.9000     10.12.1994 18:01:50     0.550    10.076
    36.1889  -75.9000     10.12.1994 18:02:00     0.550    10.076
    36.1889  -75.9000     10.12.1994 18:02:10     0.550    10.076
    36.1889  -75.9000     10.12.1994 18:02:20     0.550    10.076
    36.1889  -75.9000     10.12.1994 18:02:30     0.551    10.076
    36.1889  -75.9000     10.12.1994 18:02:40     0.551    10.076
    36.1889  -75.9000     10.12.1994 18:02:50     0.551    10.076
    36.1889  -75.9000     10.12.1994 18:03:00     0.551    10.076
    36.1889  -75.9000     10.12.1994 18:03:10     0.551    10.076
    36.1889  -75.9000     10.12.1994 18:03:20     0.551    10.076
    36.1889  -75.9000     10.12.1994 18:03:30     0.552    10.076
    36.1889  -75.9000     10.12.1994 18:03:40     0.552    10.076
    36.1889  -75.9000     10.12.1994 18:03:50     0.552    10.076
    36.1889  -75.9000     10.12.1994 18:04:00     0.552    10.076
    36.1889  -75.9000     10.12.1994 18:04:10     0.552    10.076
    36.1889  -75.9000     10.12.1994 18:04:20     0.552    10.076
    36.1889  -75.9000     10.12.1994 18:04:30     0.553    10.076
    36.1889  -75.9000     10.12.1994 18:04:40     0.553    10.076
    36.1889  -75.9000     10.12.1994 18:04:50     0.553    10.076
    36.1889  -75.9000     10.12.1994 18:05:00     0.553    10.076
    36.1889  -75.9000     10.12.1994 18:05:10     0.553    10.076
    36.1889  -75.9000     10.12.1994 18:05:20     0.553    10.076
    36.1889  -75.9000     10.12.1994 18:05:30     0.554    10.076
    36.1889  -75.9000     10.12.1994 18:05:40     0.554    10.076
    36.1889  -75.9000     10.12.1994 18:05:50     0.554    10.076
    36.1889  -75.9000     10.12.1994 18:06:00     0.554    10.076
    36.1889  -75.9000     10.12.1994 18:06:10     0.554    10.076
    36.1889  -75.9000     10.12.1994 18:06:20     0.554    10.076
    36.1889  -75.9000     10.12.1994 18:06:30     0.555    10.076
    36.1889  -75.9000     10.12.1994 18:06:40     0.555    10.076
    36.1889  -75.9000     10.12.1994 18:06:50     0.555    10.076
    36.1889  -75.9000     10.12.1994 18:07:00     0.555    10.076
    36.1889  -75.9000     10.12.1994 18:07:10     0.555    10.076
    36.1889  -75.9000     10.12.1994 18:07:20     0.555    10.076
    36.1889  -75.9000     10.12.1994 18:07:30     0.556    10.076
    36.1889  -75.9000     10.12.1994 18:07:40     0.556    10.076
    36.1889  -75.9000     10.12.1994 18:07:50     0.556    10.076
    36.1889  -75.9000     10.12.1994 18:08:00     0.556    10.076
    36.1889  -75.9000     10.12.1994 18:08:10     0.556    10.076
    36.1889  -75.9000     10.12.1994 18:08:20     0.556    10.076
    36.1889  -75.9000     10.12.1994 18:08:30     0.556    10.076
    36.1889  -75.9000     10.12.1994 18:08:40     0.557    10.076
    36.1889  -75.9000     10.12.1994 18:08:50     0.557    10.076
    36.1889  -75.9000     10.12.1994 18:09:00     0.557    10.076
    36.1889  -75.9000     10.12.1994 18:09:10     0.557    10.076
    36.1889  -75.9000     10.12.1994 18:09:20     0.557    10.076
    36.1889  -75.9000     10.12.1994 18:09:30     0.557    10.076
    36.1889  -75.9000     10.12.1994 18:09:40     0.557    10.076
    36.1889  -75.9000     10.12.1994 18:09:50     0.558    10.076
    36.1889  -75.9000     10.12.1994 18:10:00     0.558    10.076
    36.1889  -75.9000     10.12.1994 18:10:10     0.558    10.076
    36.1889  -75.9000     10.12.1994 18:10:20     0.558    10.076
    36.1889  -75.9000     10.12.1994 18:10:30     0.558    10.076
    36.1889  -75.9000     10.12.1994 18:10:40     0.558    10.076
    36.1889  -75.9000     10.12.1994 18:10:50     0.558    10.076
    36.1889  -75.9000     10.12.1994 18:11:00     0.559    10.076
    36.1889  -75.9000     10.12.1994 18:11:10     0.559    10.076
    36.1889  -75.9000     10.12.1994 18:11:20     0.559    10.076
    36.1889  -75.9000     10.12.1994 18:11:30     0.559    10.076
    36.1889  -75.9000     10.12.1994 18:11:40     0.559    10.076
    36.1889  -75.9000     10.12.1994 18:11:50     0.559    10.076
    36.1889  -75.9000     10.12.1994 18:12:00     0.559    10.076
    36.1889  -75.9000     10.12.1994 18:12:10     0.559    10.076
    36.1889  -75.9000     10.12.1994 18:12:20     0.560    10.076
    36.1889  -75.9000     10.12.1994 18:12:30     0.560    10.076
    36.1889  -75.9000     10.12.1994 18:12:40     0.560    10.076
    36.1889  -75.9000     10.12.1994 18:12:50     0.560    10.076
    36.1889  -75.9000     10.12.1994 18:13:00     0.560    10.076
    36.1889  -75.9000     10.12.1994 18:13:10     0.560    10.076
    36.1889  -75.9000     10.12.1994 18:13:20     0.560    10.076
    36.1889  -75.9000     10.12.1994 18:13:30     0.560    10.076
    36.1889  -75.9000     10.12.1994 18:13:40     0.561    10.076
    36.1889  -75.9000     10.12.1994 18:13:50     0.561    10.076
    36.1889  -75.9000     10.12.1994 18:14:00     0.561    10.076
    36.1889  -75.9000     10.12.1994 18:14:10     0.561    10.076
    36.1889  -75.9000     10.12.1994 18:14:20     0.561    10.076
    36.1889  -75.9000     10.12.1994 18:14:30     0.561    10.076
    36.1889  -75.9000     10.12.1994 18:14:40     0.561    10.076
    36.1889  -75.9000     10.12.1994 18:14:50     0.561    10.076
    36.1889  -75.9000     10.12.1994 18:15:00     0.561    10.076
    36.1889  -75.9000     10.12.1994 18:15:10     0.562    10.076
    36.1889  -75.9000     10.12.1994 18:15:20     0.562    10.076
    36.1889  -75.9000     10.12.1994 18:15:30     0.562    10.076
    36.1889  -75.9000     10.12.1994 18:15:40     0.562    10.076
    36.1889  -75.9000     10.12.1994 18:15:50     0.562    10.076
    36.1889  -75.9000     10.12.1994 18:16:00     0.562    10.076
    36.1889  -75.9000     10.12.1994 18:16:10     0.562    10.076
    36.1889  -75.9000     10.12.1994 18:16:20     0.562    10.076
    36.1889  -75.9000     10.12.1994 18:16:30     0.562    10.076
    36.1889  -75.9000     10.12.1994 18:16:40     0.562    10.076
    36.1889  -75.9000     10.12.1994 18:16:50     0.563    10.076
    36.1889  -75.9000     10.12.1994 18:17:00     0.563    10.076
    36.1889  -75.9000     10.12.1994 18:17:10     0.563    10.076
    36.1889  -75.9000     10.12.1994 18:17:20     0.563    10.076
    36.1889  -75.9000     10.12.1994 18:17:30     0.563    10.076
    36.1889  -75.9000     10.12.1994 18:17:40     0.563    10.076
    36.1889  -75.9000     10.12.1994 18:17:50     0.563    10.076
    36.1889  -75.9000     10.12.1994 18:18:00     0.563    10.076
    36.1889  -75.9000     10.12.1994 18:18:10     0.563    10.076
    36.1889  -75.9000     10.12.1994 18:18:20     0.563    10.076
    36.1889  -75.9000     10.12.1994 18:18:30     0.563    10.076
    36.1889  -75.9000     10.12.1994 18:18:40     0.564    10.076
    36.1889  -75.9000     10.12.1994 18:18:50     0.564    10.076
    36.1889  -75.9000     10.12.1994 18:19:00     0.564    10.076
    36.1889  -75.9000     10.12.1994 18:19:10     0.564    10.076
    36.1889  -75.9000     10.12.1994 18:19:20     0.564    10.076
    36.1889  -75.9000     10.12.1994 18:19:30     0.564    10.076
    36.1889  -75.9000     10.12.1994 18:19:40     0.564    10.076
    36.1889  -75.9000     10.12.1994 18:19:50     0.564    10.076
    36.1889  -75.9000     10.12.1994 18:20:00     0.564    10.076
    36.1889  -75.9000     10.12.1994 18:20:10     0.564    10.076
    36.1889  -75.9000     10.12.1994 18:20:20     0.564    10.076
    36.1889  -75.9000     10.12.1994 18:20:30     0.564    10.076
    36.1889  -75.9000     10.12.1994 18:20:40     0.565    10.076
    36.1889  -75.9000     10.12.1994 18:20:50     0.565    10.076
    36.1889  -75.9000     10.12.1994 18:21:00     0.565    10.076
    36.1889  -75.9000     10.12.1994 18:21:10     0.565    10.076
    36.1889  -75.9000     10.12.1994 18:21:20     0.565    10.076
    36.1889  -75.9000     10.12.1994 18:21:30     0.565    10.076
    36.1889  -75.9000     10.12.1994 18:21:40     0.565    10.076
    36.1889  -75.9000     10.12.1994 18:21:50     0.565    10.076
    36.1889  -75.9000     10.12.1994 18:22:00     0.565    10.076
    36.1889  -75.9000     10.12.1994 18:22:10     0.565    10.076
    36.1889  -75.9000     10.12.1994 18:22:20     0.565    10.076
    36.1889  -75.9000     10.12.1994 18:22:30     0.565    10.076
    36.1889  -75.9000     10.12.1994 18:22:40     0.565    10.076
    36.1889  -75.9000     10.12.1994 18:22:50     0.565    10.076
    36.1889  -75.9000     10.12.1994 18:23:00     0.566    10.076
    36.1889  -75.9000     10.12.1994 18:23:10     0.566    10.076
    36.1889  -75.9000     10.12.1994 18:23:20     0.566    10.076
    36.1889  -75.9000     10.12.1994 18:23:30     0.566    10.076
    36.1889  -75.9000     10.12.1994 18:23:40     0.566    10.076
    36.1889  -75.9000     10.12.1994 18:23:50     0.566    10.076
    36.1889  -75.9000     10.12.1994 18:24:00     0.566    10.076
    36.1889  -75.9000     10.12.1994 18:24:10     0.566    10.076
    36.1889  -75.9000     10.12.1994 18:24:20     0.566    10.076
    36.1889  -75.9000     10.12.1994 18:24:30     0.566    10.076
    36.1889  -75.9000     10.12.1994 18:24:40     0.566    10.076
    36.1889  -75.9000     10.12.1994 18:24:50     0.566    10.076
    36.1889  -75.9000     10.12.1994 18:25:00     0.566    10.076
    36.1889  -75.9000     10.12.1994 18:25:10     0.566    10.076
    36.1889  -75.9000     10.12.1994 18:25:20     0.566    10.076
    36.1889  -75.9000     10.12.1994 18:25:30     0.566    10.076
    36.1889  -75.9000     10.12.1994 18:25:40     0.566    10.076
    36.1889  -75.9000     10.12.1994 18:25:50     0.566    10.076
    36.1889  -75.9000     10.12.1994 18:26:00     0.566    10.076
    36.1889  -75.9000     10.12.1994 18:26:10     0.567    10.076
    36.1889  -75.9000     10.12.1994 18:26:20     0.567    10.076
    36.1889  -75.9000     10.12.1994 18:26:30     0.567    10.076
    36.1889  -75.9000     10.12.1994 18:26:40     0.567    10.076
    36.1889  -75.9000     10.12.1994 18:26:50     0.567    10.076
    36.1889  -75.9000     10.12.1994 18:27:00     0.567    10.076
    36.1889  -75.9000     10.12.1994 18:27:10     0.567    10.076
    36.1889  -75.9000     10.12.1994 18:27:20     0.567    10.076
    36.1889  -75.9000     10.12.1994 18:27:30     0.567    10.076
    36.1889  -75.9000     10.12.1994 18:27:40     0.567    10.076
    36.1889  -75.9000     10.12.1994 18:27:50     0.567    10.076
    36.1889  -75.9000     10.12.1994 18:28:00     0.567    10.076
    36.1889  -75.9000     10.12.1994 18:28:10     0.567    10.076
    36.1889  -75.9000     10.12.1994 18:28:20     0.567    10.076
    36.1889  -75.9000     10.12.1994 18:28:30     0.567    10.076
    36.1889  -75.9000     10.12.1994 18:28:40     0.567    10.076
    36.1889  -75.9000     10.12.1994 18:28:50     0.567    10.076
    36.1889  -75.9000     10.12.1994 18:29:00     0.567    10.076
    36.1889  -75.9000     10.12.1994 18:29:10     0.567    10.076
    36.1889  -75.9000     10.12.1994 18:29:20     0.567    10.076
    36.1889  -75.9000     10.12.1994 18:29:30     0.567    10.076
    36.1889  -75.9000     10.12.1994 18:29:40     0.567    10.076
    36.1889  -75.9000     10.12.1994 18:29:50     0.567    10.076
    36.1889  -75.9000     10.12.1994 18:30:00     0.567    10.076
    36.1889  -75.9000     10.12.1994 18:30:10     0.567    10.076
    36.1889  -75.9000     10.12.1994 18:30:20     0.567    10.076
    36.1889  -75.9000     10.12.1994 18:30:30     0.567    10.076
    36.1889  -75.9000     10.12.1994 18:30:40     0.567    10.076
    36.1889  -75.9000     10.12.1994 18:30:50     0.567    10.076
    36.1889  -75.9000     10.12.1994 18:31:00     0.567    10.076
    36.1889  -75.9000     10.12.1994 18:31:10     0.567    10.076
    36.1889  -75.9000     10.12.1994 18:31:20     0.567    10.076
    36.1889  -75.9000     10.12.1994 18:31:30     0.567    10.076
    36.1889  -75.9000     10.12.1994 18:31:40     0.567    10.076
    36.1889  -75.9000     10.12.1994 18:31:50     0.567    10.076
    36.1889  -75.9000     10.12.1994 18:32:00     0.567    10.076
    36.1889  -75.9000     10.12.1994 18:32:10     0.567    10.076
    36.1889  -75.9000     10.12.1994 18:32:20     0.567    10.076
    36.1889  -75.9000     10.12.1994 18:32:30     0.567    10.076
    36.1889  -75.9000     10.12.1994 18:32:40     0.567    10.076
    36.1889  -75.9000     10.12.1994 18:32:50     0.567    10.076
    36.1889  -75.9000     10.12.1994 18:33:00     0.567    10.076
    36.1889  -75.9000     10.12.1994 18:33:10     0.567    10.076
    36.1889  -75.9000     10.12.1994 18:33:20     0.568    10.076
    36.1889  -75.9000     10.12.1994 18:33:30     0.568    10.076
    36.1889  -75.9000     10.12.1994 18:33:40     0.568    10.076
    36.1889  -75.9000     10.12.1994 18:33:50     0.568    10.076
    36.1889  -75.9000     10.12.1994 18:34:00     0.567    10.076
    36.1889  -75.9000     10.12.1994 18:34:10     0.567    10.076
    36.1889  -75.9000     10.12.1994 18:34:20     0.567    10.076
    36.1889  -75.9000     10.12.1994 18:34:30     0.567    10.076
    36.1889  -75.9000     10.12.1994 18:34:40     0.567    10.076
    36.1889  -75.9000     10.12.1994 18:34:50     0.567    10.076
    36.1889  -75.9000     10.12.1994 18:35:00     0.567    10.076
    36.1889  -75.9000     10.12.1994 18:35:10     0.567    10.076
    36.1889  -75.9000     10.12.1994 18:35:20     0.567    10.076
    36.1889  -75.9000     10.12.1994 18:35:30     0.567    10.076
    36.1889  -75.9000     10.12.1994 18:35:40     0.567    10.076
    36.1889  -75.9000     10.12.1994 18:35:50     0.567    10.076
    36.1889  -75.9000     10.12.1994 18:36:00     0.567    10.076
    36.1889  -75.9000     10.12.1994 18:36:10     0.567    10.076
    36.1889  -75.9000     10.12.1994 18:36:20     0.567    10.076
    36.1889  -75.9000     10.12.1994 18:36:30     0.567    10.076
    36.1889  -75.9000     10.12.1994 18:36:40     0.567    10.076
    36.1889  -75.9000     10.12.1994 18:36:50     0.567    10.076
    36.1889  -75.9000     10.12.1994 18:37:00     0.567    10.076
    36.1889  -75.9000     10.12.1994 18:37:10     0.567    10.076
    36.1889  -75.9000     10.12.1994 18:37:20     0.567    10.076
    36.1889  -75.9000     10.12.1994 18:37:30     0.567    10.076
    36.1889  -75.9000     10.12.1994 18:37:40     0.567    10.076
    36.1889  -75.9000     10.12.1994 18:37:50     0.567    10.076
    36.1889  -75.9000     10.12.1994 18:38:00     0.567    10.076
    36.1889  -75.9000     10.12.1994 18:38:10     0.567    10.076
    36.1889  -75.9000     10.12.1994 18:38:20     0.567    10.076
    36.1889  -75.9000     10.12.1994 18:38:30     0.567    10.076
    36.1889  -75.9000     10.12.1994 18:38:40     0.567    10.076
    36.1889  -75.9000     10.12.1994 18:38:50     0.567    10.076
    36.1889  -75.9000     10.12.1994 18:39:00     0.567    10.076
    36.1889  -75.9000     10.12.1994 18:39:10     0.567    10.076
    36.1889  -75.9000     10.12.1994 18:39:20     0.567    10.076
    36.1889  -75.9000     10.12.1994 18:39:30     0.567    10.076
    36.1889  -75.9000     10.12.1994 18:39:40     0.567    10.076
    36.1889  -75.9000     10.12.1994 18:39:50     0.567    10.076
    36.1889  -75.9000     10.12.1994 18:40:00     0.567    10.076
    36.1889  -75.9000     10.12.1994 18:40:10     0.567    10.076
    36.1889  -75.9000     10.12.1994 18:40:20     0.567    10.076
    36.1889  -75.9000     10.12.1994 18:40:30     0.567    10.076
    36.1889  -75.9000     10.12.1994 18:40:40     0.567    10.076
    36.1889  -75.9000     10.12.1994 18:40:50     0.567    10.076
    36.1889  -75.9000     10.12.1994 18:41:00     0.567    10.076
    36.1889  -75.9000     10.12.1994 18:41:10     0.567    10.076
    36.1889  -75.9000     10.12.1994 18:41:20     0.566    10.076
    36.1889  -75.9000     10.12.1994 18:41:30     0.566    10.076
    36.1889  -75.9000     10.12.1994 18:41:40     0.566    10.076
    36.1889  -75.9000     10.12.1994 18:41:50     0.566    10.076
    36.1889  -75.9000     10.12.1994 18:42:00     0.566    10.076
    36.1889  -75.9000     10.12.1994 18:42:10     0.566    10.076
    36.1889  -75.9000     10.12.1994 18:42:20     0.566    10.076
    36.1889  -75.9000     10.12.1994 18:42:30     0.566    10.076
    36.1889  -75.9000     10.12.1994 18:42:40     0.566    10.076
    36.1889  -75.9000     10.12.1994 18:42:50     0.566    10.076
    36.1889  -75.9000     10.12.1994 18:43:00     0.566    10.076
    36.1889  -75.9000     10.12.1994 18:43:10     0.566    10.076
    36.1889  -75.9000     10.12.1994 18:43:20     0.566    10.076
    36.1889  -75.9000     10.12.1994 18:43:30     0.566    10.076
    36.1889  -75.9000     10.12.1994 18:43:40     0.566    10.076
    36.1889  -75.9000     10.12.1994 18:43:50     0.566    10.076
    36.1889  -75.9000     10.12.1994 18:44:00     0.566    10.076
    36.1889  -75.9000     10.12.1994 18:44:10     0.566    10.076
    36.1889  -75.9000     10.12.1994 18:44:20     0.565    10.076
    36.1889  -75.9000     10.12.1994 18:44:30     0.565    10.076
    36.1889  -75.9000     10.12.1994 18:44:40     0.565    10.076
    36.1889  -75.9000     10.12.1994 18:44:50     0.565    10.076
    36.1889  -75.9000     10.12.1994 18:45:00     0.565    10.076
    36.1889  -75.9000     10.12.1994 18:45:10     0.565    10.076
    36.1889  -75.9000     10.12.1994 18:45:20     0.565    10.076
    36.1889  -75.9000     10.12.1994 18:45:30     0.565    10.076
    36.1889  -75.9000     10.12.1994 18:45:40     0.565    10.076
    36.1889  -75.9000     10.12.1994 18:45:50     0.565    10.076
    36.1889  -75.9000     10.12.1994 18:46:00     0.565    10.076
    36.1889  -75.9000     10.12.1994 18:46:10     0.565    10.076
    36.1889  -75.9000     10.12.1994 18:46:20     0.565    10.076
    36.1889  -75.9000     10.12.1994 18:46:30     0.565    10.076
    36.1889  -75.9000     10.12.1994 18:46:40     0.565    10.076
    36.1889  -75.9000     10.12.1994 18:46:50     0.564    10.076
    36.1889  -75.9000     10.12.1994 18:47:00     0.564    10.076
    36.1889  -75.9000     10.12.1994 18:47:10     0.564    10.076
    36.1889  -75.9000     10.12.1994 18:47:20     0.564    10.076
    36.1889  -75.9000     10.12.1994 18:47:30     0.564    10.076
    36.1889  -75.9000     10.12.1994 18:47:40     0.564    10.076
    36.1889  -75.9000     10.12.1994 18:47:50     0.564    10.076
    36.1889  -75.9000     10.12.1994 18:48:00     0.564    10.076
    36.1889  -75.9000     10.12.1994 18:48:10     0.564    10.076
    36.1889  -75.9000     10.12.1994 18:48:20     0.564    10.076
    36.1889  -75.9000     10.12.1994 18:48:30     0.564    10.076
    36.1889  -75.9000     10.12.1994 18:48:40     0.564    10.076
    36.1889  -75.9000     10.12.1994 18:48:50     0.563    10.076
    36.1889  -75.9000     10.12.1994 18:49:00     0.563    10.076
    36.1889  -75.9000     10.12.1994 18:49:10     0.563    10.076
    36.1889  -75.9000     10.12.1994 18:49:20     0.563    10.076
    36.1889  -75.9000     10.12.1994 18:49:30     0.563    10.076
    36.1889  -75.9000     10.12.1994 18:49:40     0.563    10.076
    36.1889  -75.9000     10.12.1994 18:49:50     0.563    10.076
    36.1889  -75.9000     10.12.1994 18:50:00     0.563    10.076
    36.1889  -75.9000     10.12.1994 18:50:10     0.563    10.076
    36.1889  -75.9000     10.12.1994 18:50:20     0.563    10.076
    36.1889  -75.9000     10.12.1994 18:50:30     0.563    10.076
    36.1889  -75.9000     10.12.1994 18:50:40     0.562    10.076
    36.1889  -75.9000     10.12.1994 18:50:50     0.562    10.076
    36.1889  -75.9000     10.12.1994 18:51:00     0.562    10.076
    36.1889  -75.9000     10.12.1994 18:51:10     0.562    10.076
    36.1889  -75.9000     10.12.1994 18:51:20     0.562    10.076
    36.1889  -75.9000     10.12.1994 18:51:30     0.562    10.076
    36.1889  -75.9000     10.12.1994 18:51:40     0.562    10.076
    36.1889  -75.9000     10.12.1994 18:51:50     0.562    10.076
    36.1889  -75.9000     10.12.1994 18:52:00     0.562    10.076
    36.1889  -75.9000     10.12.1994 18:52:10     0.562    10.076
    36.1889  -75.9000     10.12.1994 18:52:20     0.561    10.076
    36.1889  -75.9000     10.12.1994 18:52:30     0.561    10.076
    36.1889  -75.9000     10.12.1994 18:52:40     0.561    10.076
    36.1889  -75.9000     10.12.1994 18:52:50     0.561    10.076
    36.1889  -75.9000     10.12.1994 18:53:00     0.561    10.076
    36.1889  -75.9000     10.12.1994 18:53:10     0.561    10.076
    36.1889  -75.9000     10.12.1994 18:53:20     0.561    10.076
    36.1889  -75.9000     10.12.1994 18:53:30     0.561    10.076
    36.1889  -75.9000     10.12.1994 18:53:40     0.561    10.076
    36.1889  -75.9000     10.12.1994 18:53:50     0.560    10.076
    36.1889  -75.9000     10.12.1994 18:54:00     0.560    10.076
    36.1889  -75.9000     10.12.1994 18:54:10     0.560    10.076
    36.1889  -75.9000     10.12.1994 18:54:20     0.560    10.076
    36.1889  -75.9000     10.12.1994 18:54:30     0.560    10.076
    36.1889  -75.9000     10.12.1994 18:54:40     0.560    10.076
    36.1889  -75.9000     10.12.1994 18:54:50     0.560    10.076
    36.1889  -75.9000     10.12.1994 18:55:00     0.560    10.076
    36.1889  -75.9000     10.12.1994 18:55:10     0.559    10.076
    36.1889  -75.9000     10.12.1994 18:55:20     0.559    10.076
    36.1889  -75.9000     10.12.1994 18:55:30     0.559    10.076
    36.1889  -75.9000     10.12.1994 18:55:40     0.559    10.076
    36.1889  -75.9000     10.12.1994 18:55:50     0.559    10.076
    36.1889  -75.9000     10.12.1994 18:56:00     0.559    10.076
    36.1889  -75.9000     10.12.1994 18:56:10     0.559    10.076
    36.1889  -75.9000     10.12.1994 18:56:20     0.559    10.076
    36.1889  -75.9000     10.12.1994 18:56:30     0.558    10.076
    36.1889  -75.9000     10.12.1994 18:56:40     0.558    10.076
    36.1889  -75.9000     10.12.1994 18:56:50     0.558    10.076
    36.1889  -75.9000     10.12.1994 18:57:00     0.558    10.076
    36.1889  -75.9000     10.12.1994 18:57:10     0.558    10.076
    36.1889  -75.9000     10.12.1994 18:57:20     0.558    10.076
    36.1889  -75.9000     10.12.1994 18:57:30     0.558    10.076
    36.1889  -75.9000     10.12.1994 18:57:40     0.557    10.076
    36.1889  -75.9000     10.12.1994 18:57:50     0.557    10.076
    36.1889  -75.9000     10.12.1994 18:58:00     0.557    10.076
    36.1889  -75.9000     10.12.1994 18:58:10     0.557    10.076
    36.1889  -75.9000     10.12.1994 18:58:20     0.557    10.076
    36.1889  -75.9000     10.12.1994 18:58:30     0.557    10.076
    36.1889  -75.9000     10.12.1994 18:58:40     0.557    10.076
    36.1889  -75.9000     10.12.1994 18:58:50     0.556    10.076
    36.1889  -75.9000     10.12.1994 18:59:00     0.556    10.076
    36.1889  -75.9000     10.12.1994 18:59:10     0.556    10.076
    36.1889  -75.9000     10.12.1994 18:59:20     0.556    10.076
    36.1889  -75.9000     10.12.1994 18:59:30     0.556    10.076
    36.1889  -75.9000     10.12.1994 18:59:40     0.556    10.076
    36.1889  -75.9000     10.12.1994 18:59:50     0.556    10.076
    36.1889  -75.9000     10.12.1994 19:00:00     0.555    10.076
    36.1889  -75.9000     10.12.1994 19:00:10     0.555    10.076
    36.1889  -75.9000     10.12.1994 19:00:20     0.555    10.076
    36.1889  -75.9000     10.12.1994 19:00:30     0.555    10.076
    36.1889  -75.9000     10.12.1994 19:00:40     0.555    10.076
    36.1889  -75.9000     10.12.1994 19:00:50     0.555    10.076
    36.1889  -75.9000     10.12.1994 19:01:00     0.555    10.076
    36.1889  -75.9000     10.12.1994 19:01:10     0.554    10.076
    36.1889  -75.9000     10.12.1994 19:01:20     0.554    10.076
    36.1889  -75.9000     10.12.1994 19:01:30     0.554    10.076
    36.1889  -75.9000     10.12.1994 19:01:40     0.554    10.076
    36.1889  -75.9000     10.12.1994 19:01:50     0.554    10.076
    36.1889  -75.9000     10.12.1994 19:02:00     0.554    10.076
    36.1889  -75.9000     10.12.1994 19:02:10     0.553    10.076
    36.1889  -75.9000     10.12.1994 19:02:20     0.553    10.076
    36.1889  -75.9000     10.12.1994 19:02:30     0.553    10.076
    36.1889  -75.9000     10.12.1994 19:02:40     0.553    10.076
    36.1889  -75.9000     10.12.1994 19:02:50     0.553    10.076
    36.1889  -75.9000     10.12.1994 19:03:00     0.553    10.076
    36.1889  -75.9000     10.12.1994 19:03:10     0.552    10.076
    36.1889  -75.9000     10.12.1994 19:03:20     0.552    10.076
    36.1889  -75.9000     10.12.1994 19:03:30     0.552    10.076
    36.1889  -75.9000     10.12.1994 19:03:40     0.552    10.076
    36.1889  -75.9000     10.12.1994 19:03:50     0.552    10.076
    36.1889  -75.9000     10.12.1994 19:04:00     0.552    10.076
    36.1889  -75.9000     10.12.1994 19:04:10     0.551    10.076
    36.1889  -75.9000     10.12.1994 19:04:20     0.551    10.076
    36.1889  -75.9000     10.12.1994 19:04:30     0.551    10.076
    36.1889  -75.9000     10.12.1994 19:04:40     0.551    10.076
    36.1889  -75.9000     10.12.1994 19:04:50     0.551    10.076
    36.1889  -75.9000     10.12.1994 19:05:00     0.550    10.076
    36.1889  -75.9000     10.12.1994 19:05:10     0.550    10.076
    36.1889  -75.9000     10.12.1994 19:05:20     0.550    10.076
    36.1889  -75.9000     10.12.1994 19:05:30     0.550    10.076
    36.1889  -75.9000     10.12.1994 19:05:40     0.550    10.076
    36.1889  -75.9000     10.12.1994 19:05:50     0.550    10.076
    36.1889  -75.9000     10.12.1994 19:06:00     0.549    10.076
    36.1889  -75.9000     10.12.1994 19:06:10     0.549    10.076
    36.1889  -75.9000     10.12.1994 19:06:20     0.549    10.076
    36.1889  -75.9000     10.12.1994 19:06:30     0.549    10.076
    36.1889  -75.9000     10.12.1994 19:06:40     0.549    10.076
    36.1889  -75.9000     10.12.1994 19:06:50     0.548    10.076
    36.1889  -75.9000     10.12.1994 19:07:00     0.548    10.076
    36.1889  -75.9000     10.12.1994 19:07:10     0.548    10.076
    36.1889  -75.9000     10.12.1994 19:07:20     0.548    10.076
    36.1889  -75.9000     10.12.1994 19:07:30     0.548    10.076
    36.1889  -75.9000     10.12.1994 19:07:40     0.548    10.076
    36.1889  -75.9000     10.12.1994 19:07:50     0.547    10.076
    36.1889  -75.9000     10.12.1994 19:08:00     0.547    10.076
    36.1889  -75.9000     10.12.1994 19:08:10     0.547    10.076
    36.1889  -75.9000     10.12.1994 19:08:20     0.547    10.076
    36.1889  -75.9000     10.12.1994 19:08:30     0.547    10.076
    36.1889  -75.9000     10.12.1994 19:08:40     0.546    10.076
    36.1889  -75.9000     10.12.1994 19:08:50     0.546    10.076
    36.1889  -75.9000     10.12.1994 19:09:00     0.546    10.076
    36.1889  -75.9000     10.12.1994 19:09:10     0.546    10.076
    36.1889  -75.9000     10.12.1994 19:09:20     0.546    10.076
    36.1889  -75.9000     10.12.1994 19:09:30     0.545    10.076
    36.1889  -75.9000     10.12.1994 19:09:40     0.545    10.076
    36.1889  -75.9000     10.12.1994 19:09:50     0.545    10.076
    36.1889  -75.9000     10.12.1994 19:10:00     0.545    10.076
    36.1889  -75.9000     10.12.1994 19:10:10     0.545    10.076
    36.1889  -75.9000     10.12.1994 19:10:20     0.544    10.076
    36.1889  -75.9000     10.12.1994 19:10:30     0.544    10.076
    36.1889  -75.9000     10.12.1994 19:10:40     0.544    10.076
    36.1889  -75.9000     10.12.1994 19:10:50     0.544    10.076
    36.1889  -75.9000     10.12.1994 19:11:00     0.543    10.076
    36.1889  -75.9000     10.12.1994 19:11:10     0.543    10.076
    36.1889  -75.9000     10.12.1994 19:11:20     0.543    10.076
    36.1889  -75.9000     10.12.1994 19:11:30     0.543    10.076
    36.1889  -75.9000     10.12.1994 19:11:40     0.543    10.076
    36.1889  -75.9000     10.12.1994 19:11:50     0.542    10.076
    36.1889  -75.9000     10.12.1994 19:12:00     0.542    10.076
    36.1889  -75.9000     10.12.1994 19:12:10     0.542    10.076
    36.1889  -75.9000     10.12.1994 19:12:20     0.542    10.076
    36.1889  -75.9000     10.12.1994 19:12:30     0.542    10.076
    36.1889  -75.9000     10.12.1994 19:12:40     0.541    10.076
    36.1889  -75.9000     10.12.1994 19:12:50     0.541    10.076
    36.1889  -75.9000     10.12.1994 19:13:00     0.541    10.076
    36.1889  -75.9000     10.12.1994 19:13:10     0.541    10.076
    36.1889  -75.9000     10.12.1994 19:13:20     0.540    10.076
    36.1889  -75.9000     10.12.1994 19:13:30     0.540    10.076
    36.1889  -75.9000     10.12.1994 19:13:40     0.540    10.076
    36.1889  -75.9000     10.12.1994 19:13:50     0.540    10.076
    36.1889  -75.9000     10.12.1994 19:14:00     0.540    10.076
    36.1889  -75.9000     10.12.1994 19:14:10     0.539    10.076
    36.1889  -75.9000     10.12.1994 19:14:20     0.539    10.076
    36.1889  -75.9000     10.12.1994 19:14:30     0.539    10.076
    36.1889  -75.9000     10.12.1994 19:14:40     0.539    10.076
    36.1889  -75.9000     10.12.1994 19:14:50     0.538    10.076
    36.1889  -75.9000     10.12.1994 19:15:00     0.538    10.076
    36.1889  -75.9000     10.12.1994 19:15:10     0.538    10.076
    36.1889  -75.9000     10.12.1994 19:15:20     0.538    10.076
    36.1889  -75.9000     10.12.1994 19:15:30     0.537    10.076
    36.1889  -75.9000     10.12.1994 19:15:40     0.537    10.076
    36.1889  -75.9000     10.12.1994 19:15:50     0.537    10.076
    36.1889  -75.9000     10.12.1994 19:16:00     0.537    10.076
    36.1889  -75.9000     10.12.1994 19:16:10     0.536    10.076
    36.1889  -75.9000     10.12.1994 19:16:20     0.536    10.076
    36.1889  -75.9000     10.12.1994 19:16:30     0.536    10.076
    36.1889  -75.9000     10.12.1994 19:16:40     0.536    10.076
    36.1889  -75.9000     10.12.1994 19:16:50     0.536    10.076
    36.1889  -75.9000     10.12.1994 19:17:00     0.535    10.076
    36.1889  -75.9000     10.12.1994 19:17:10     0.535    10.076
    36.1889  -75.9000     10.12.1994 19:17:20     0.535    10.076
    36.1889  -75.9000     10.12.1994 19:17:30     0.535    10.076
    36.1889  -75.9000     10.12.1994 19:17:40     0.534    10.076
    36.1889  -75.9000     10.12.1994 19:17:50     0.534    10.076
    36.1889  -75.9000     10.12.1994 19:18:00     0.534    10.076
    36.1889  -75.9000     10.12.1994 19:18:10     0.534    10.076
    36.1889  -75.9000     10.12.1994 19:18:20     0.533    10.076
    36.1889  -75.9000     10.12.1994 19:18:30     0.533    10.076
    36.1889  -75.9000     10.12.1994 19:18:40     0.533    10.076
    36.1889  -75.9000     10.12.1994 19:18:50     0.533    10.076
    36.1889  -75.9000     10.12.1994 19:19:00     0.532    10.076
    36.1889  -75.9000     10.12.1994 19:19:10     0.532    10.076
    36.1889  -75.9000     10.12.1994 19:19:20     0.532    10.076
    36.1889  -75.9000     10.12.1994 19:19:30     0.532    10.076
    36.1889  -75.9000     10.12.1994 19:19:40     0.531    10.076
    36.1889  -75.9000     10.12.1994 19:19:50     0.531    10.076
    36.1889  -75.9000     10.12.1994 19:20:00     0.531    10.076
    36.1889  -75.9000     10.12.1994 19:20:10     0.530    10.076
    36.1889  -75.9000     10.12.1994 19:20:20     0.530    10.076
    36.1889  -75.9000     10.12.1994 19:20:30     0.530    10.076
    36.1889  -75.9000     10.12.1994 19:20:40     0.530    10.076
    36.1889  -75.9000     10.12.1994 19:20:50     0.529    10.076
    36.1889  -75.9000     10.12.1994 19:21:00     0.529    10.076
    36.1889  -75.9000     10.12.1994 19:21:10     0.529    10.076
    36.1889  -75.9000     10.12.1994 19:21:20     0.529    10.076
    36.1889  -75.9000     10.12.1994 19:21:30     0.528    10.076
    36.1889  -75.9000     10.12.1994 19:21:40     0.528    10.076
    36.1889  -75.9000     10.12.1994 19:21:50     0.528    10.076
    36.1889  -75.9000     10.12.1994 19:22:00     0.528    10.076
    36.1889  -75.9000     10.12.1994 19:22:10     0.527    10.076
    36.1889  -75.9000     10.12.1994 19:22:20     0.527    10.076
    36.1889  -75.9000     10.12.1994 19:22:30     0.527    10.076
    36.1889  -75.9000     10.12.1994 19:22:40     0.526    10.076
    36.1889  -75.9000     10.12.1994 19:22:50     0.526    10.076
    36.1889  -75.9000     10.12.1994 19:23:00     0.526    10.076
    36.1889  -75.9000     10.12.1994 19:23:10     0.526    10.076
    36.1889  -75.9000     10.12.1994 19:23:20     0.525    10.076
    36.1889  -75.9000     10.12.1994 19:23:30     0.525    10.076
    36.1889  -75.9000     10.12.1994 19:23:40     0.525    10.076
    36.1889  -75.9000     10.12.1994 19:23:50     0.525    10.076
    36.1889  -75.9000     10.12.1994 19:24:00     0.524    10.076
    36.1889  -75.9000     10.12.1994 19:24:10     0.524    10.076
    36.1889  -75.9000     10.12.1994 19:24:20     0.524    10.076
    36.1889  -75.9000     10.12.1994 19:24:30     0.523    10.076
    36.1889  -75.9000     10.12.1994 19:24:40     0.523    10.076
    36.1889  -75.9000     10.12.1994 19:24:50     0.523    10.076
    36.1889  -75.9000     10.12.1994 19:25:00     0.523    10.076
    36.1889  -75.9000     10.12.1994 19:25:10     0.522    10.076
    36.1889  -75.9000     10.12.1994 19:25:20     0.522    10.076
    36.1889  -75.9000     10.12.1994 19:25:30     0.522    10.076
    36.1889  -75.9000     10.12.1994 19:25:40     0.521    10.076
    36.1889  -75.9000     10.12.1994 19:25:50     0.521    10.076
    36.1889  -75.9000     10.12.1994 19:26:00     0.521    10.076
    36.1889  -75.9000     10.12.1994 19:26:10     0.521    10.076
    36.1889  -75.9000     10.12.1994 19:26:20     0.520    10.076
    36.1889  -75.9000     10.12.1994 19:26:30     0.520    10.076
    36.1889  -75.9000     10.12.1994 19:26:40     0.520    10.076
    36.1889  -75.9000     10.12.1994 19:26:50     0.519    10.076
    36.1889  -75.9000     10.12.1994 19:27:00     0.519    10.076
    36.1889  -75.9000     10.12.1994 19:27:10     0.519    10.076
    36.1889  -75.9000     10.12.1994 19:27:20     0.518    10.076
    36.1889  -75.9000     10.12.1994 19:27:30     0.518    10.076
    36.1889  -75.9000     10.12.1994 19:27:40     0.518    10.076
    36.1889  -75.9000     10.12.1994 19:27:50     0.518    10.076
    36.1889  -75.9000     10.12.1994 19:28:00     0.517    10.076
    36.1889  -75.9000     10.12.1994 19:28:10     0.517    10.076
    36.1889  -75.9000     10.12.1994 19:28:20     0.517    10.076
    36.1889  -75.9000     10.12.1994 19:28:30     0.516    10.076
    36.1889  -75.9000     10.12.1994 19:28:40     0.516    10.076
    36.1889  -75.9000     10.12.1994 19:28:50     0.516    10.076
    36.1889  -75.9000     10.12.1994 19:29:00     0.515    10.076
    36.1889  -75.9000     10.12.1994 19:29:10     0.515    10.076
    36.1889  -75.9000     10.12.1994 19:29:20     0.515    10.076
    36.1889  -75.9000     10.12.1994 19:29:30     0.515    10.076
    36.1889  -75.9000     10.12.1994 19:29:40     0.514    10.076
    36.1889  -75.9000     10.12.1994 19:29:50     0.514    10.076
    36.1889  -75.9000     10.12.1994 19:30:00     0.514    10.076
    36.1889  -75.9000     10.12.1994 19:30:10     0.513    10.076
    36.1889  -75.9000     10.12.1994 19:30:20     0.513    10.076
    36.1889  -75.9000     10.12.1994 19:30:30     0.513    10.076
    36.1889  -75.9000     10.12.1994 19:30:40     0.512    10.076
    36.1889  -75.9000     10.12.1994 19:30:50     0.512    10.076
    36.1889  -75.9000     10.12.1994 19:31:00     0.512    10.076
    36.1889  -75.9000     10.12.1994 19:31:10     0.511    10.076
    36.1889  -75.9000     10.12.1994 19:31:20     0.511    10.076
    36.1889  -75.9000     10.12.1994 19:31:30     0.511    10.076
    36.1889  -75.9000     10.12.1994 19:31:40     0.510    10.076
    36.1889  -75.9000     10.12.1994 19:31:50     0.510    10.076
    36.1889  -75.9000     10.12.1994 19:32:00     0.510    10.076
    36.1889  -75.9000     10.12.1994 19:32:10     0.510    10.076
    36.1889  -75.9000     10.12.1994 19:32:20     0.509    10.076
    36.1889  -75.9000     10.12.1994 19:32:30     0.509    10.076
    36.1889  -75.9000     10.12.1994 19:32:40     0.509    10.076
    36.1889  -75.9000     10.12.1994 19:32:50     0.508    10.076
    36.1889  -75.9000     10.12.1994 19:33:00     0.508    10.076
    36.1889  -75.9000     10.12.1994 19:33:10     0.508    10.076
    36.1889  -75.9000     10.12.1994 19:33:20     0.507    10.076
    36.1889  -75.9000     10.12.1994 19:33:30     0.507    10.076
    36.1889  -75.9000     10.12.1994 19:33:40     0.507    10.076
    36.1889  -75.9000     10.12.1994 19:33:50     0.506    10.076
    36.1889  -75.9000     10.12.1994 19:34:00     0.506    10.076
    36.1889  -75.9000     10.12.1994 19:34:10     0.506    10.076
    36.1889  -75.9000     10.12.1994 19:34:20     0.505    10.076
    36.1889  -75.9000     10.12.1994 19:34:30     0.505    10.076
    36.1889  -75.9000     10.12.1994 19:34:40     0.505    10.076
    36.1889  -75.9000     10.12.1994 19:34:50     0.504    10.076
    36.1889  -75.9000     10.12.1994 19:35:00     0.504    10.076
    36.1889  -75.9000     10.12.1994 19:35:10     0.504    10.076
    36.1889  -75.9000     10.12.1994 19:35:20     0.503    10.076
    36.1889  -75.9000     10.12.1994 19:35:30     0.503    10.076
    36.1889  -75.9000     10.12.1994 19:35:40     0.503    10.076
    36.1889  -75.9000     10.12.1994 19:35:50     0.502    10.076
    36.1889  -75.9000     10.12.1994 19:36:00     0.502    10.076
    36.1889  -75.9000     10.12.1994 19:36:10     0.502    10.076
    36.1889  -75.9000     10.12.1994 19:36:20     0.501    10.076
    36.1889  -75.9000     10.12.1994 19:36:30     0.501    10.076
    36.1889  -75.9000     10.12.1994 19:36:40     0.501    10.076
    36.1889  -75.9000     10.12.1994 19:36:50     0.500    10.076
    36.1889  -75.9000     10.12.1994 19:37:00     0.500    10.076
    36.1889  -75.9000     10.12.1994 19:37:10     0.499    10.076
    36.1889  -75.9000     10.12.1994 19:37:20     0.499    10.076
    36.1889  -75.9000     10.12.1994 19:37:30     0.499    10.076
    36.1889  -75.9000     10.12.1994 19:37:40     0.498    10.076
    36.1889  -75.9000     10.12.1994 19:37:50     0.498    10.076
    36.1889  -75.9000     10.12.1994 19:38:00     0.498    10.076
    36.1889  -75.9000     10.12.1994 19:38:10     0.497    10.076
    36.1889  -75.9000     10.12.1994 19:38:20     0.497    10.076
    36.1889  -75.9000     10.12.1994 19:38:30     0.497    10.076
    36.1889  -75.9000     10.12.1994 19:38:40     0.496    10.076
    36.1889  -75.9000     10.12.1994 19:38:50     0.496    10.076
    36.1889  -75.9000     10.12.1994 19:39:00     0.496    10.076
    36.1889  -75.9000     10.12.1994 19:39:10     0.495    10.076
    36.1889  -75.9000     10.12.1994 19:39:20     0.495    10.076
    36.1889  -75.9000     10.12.1994 19:39:30     0.495    10.076
    36.1889  -75.9000     10.12.1994 19:39:40     0.494    10.076
    36.1889  -75.9000     10.12.1994 19:39:50     0.494    10.076
    36.1889  -75.9000     10.12.1994 19:40:00     0.493    10.076
    36.1889  -75.9000     10.12.1994 19:40:10     0.493    10.076
    36.1889  -75.9000     10.12.1994 19:40:20     0.493    10.076
    36.1889  -75.9000     10.12.1994 19:40:30     0.492    10.076
    36.1889  -75.9000     10.12.1994 19:40:40     0.492    10.076
    36.1889  -75.9000     10.12.1994 19:40:50     0.492    10.076
    36.1889  -75.9000     10.12.1994 19:41:00     0.491    10.076
    36.1889  -75.9000     10.12.1994 19:41:10     0.491    10.076
    36.1889  -75.9000     10.12.1994 19:41:20     0.491    10.076
    36.1889  -75.9000     10.12.1994 19:41:30     0.490    10.076
    36.1889  -75.9000     10.12.1994 19:41:40     0.490    10.076
    36.1889  -75.9000     10.12.1994 19:41:50     0.489    10.076
    36.1889  -75.9000     10.12.1994 19:42:00     0.489    10.076
    36.1889  -75.9000     10.12.1994 19:42:10     0.489    10.076
    36.1889  -75.9000     10.12.1994 19:42:20     0.488    10.076
    36.1889  -75.9000     10.12.1994 19:42:30     0.488    10.076
    36.1889  -75.9000     10.12.1994 19:42:40     0.488    10.076
    36.1889  -75.9000     10.12.1994 19:42:50     0.487    10.076
    36.1889  -75.9000     10.12.1994 19:43:00     0.487    10.076
    36.1889  -75.9000     10.12.1994 19:43:10     0.487    10.076
    36.1889  -75.9000     10.12.1994 19:43:20     0.486    10.076
    36.1889  -75.9000     10.12.1994 19:43:30     0.486    10.076
    36.1889  -75.9000     10.12.1994 19:43:40     0.485    10.076
    36.1889  -75.9000     10.12.1994 19:43:50     0.485    10.076
    36.1889  -75.9000     10.12.1994 19:44:00     0.485    10.076
    36.1889  -75.9000     10.12.1994 19:44:10     0.484    10.076
    36.1889  -75.9000     10.12.1994 19:44:20     0.484    10.076
    36.1889  -75.9000     10.12.1994 19:44:30     0.483    10.076
    36.1889  -75.9000     10.12.1994 19:44:40     0.483    10.076
    36.1889  -75.9000     10.12.1994 19:44:50     0.483    10.076
    36.1889  -75.9000     10.12.1994 19:45:00     0.482    10.076
    36.1889  -75.9000     10.12.1994 19:45:10     0.482    10.076
    36.1889  -75.9000     10.12.1994 19:45:20     0.482    10.076
    36.1889  -75.9000     10.12.1994 19:45:30     0.481    10.076
    36.1889  -75.9000     10.12.1994 19:45:40     0.481    10.076
    36.1889  -75.9000     10.12.1994 19:45:50     0.480    10.076
    36.1889  -75.9000     10.12.1994 19:46:00     0.480    10.076
    36.1889  -75.9000     10.12.1994 19:46:10     0.480    10.076
    36.1889  -75.9000     10.12.1994 19:46:20     0.479    10.076
    36.1889  -75.9000     10.12.1994 19:46:30     0.479    10.076
    36.1889  -75.9000     10.12.1994 19:46:40     0.478    10.076
    36.1889  -75.9000     10.12.1994 19:46:50     0.478    10.076
    36.1889  -75.9000     10.12.1994 19:47:00     0.478    10.076
    36.1889  -75.9000     10.12.1994 19:47:10     0.477    10.076
    36.1889  -75.9000     10.12.1994 19:47:20     0.477    10.076
    36.1889  -75.9000     10.12.1994 19:47:30     0.476    10.076
    36.1889  -75.9000     10.12.1994 19:47:40     0.476    10.076
    36.1889  -75.9000     10.12.1994 19:47:50     0.476    10.076
    36.1889  -75.9000     10.12.1994 19:48:00     0.475    10.076
    36.1889  -75.9000     10.12.1994 19:48:10     0.475    10.076
    36.1889  -75.9000     10.12.1994 19:48:20     0.475    10.076
    36.1889  -75.9000     10.12.1994 19:48:30     0.474    10.076
    36.1889  -75.9000     10.12.1994 19:48:40     0.474    10.076
    36.1889  -75.9000     10.12.1994 19:48:50     0.473    10.076
    36.1889  -75.9000     10.12.1994 19:49:00     0.473    10.076
    36.1889  -75.9000     10.12.1994 19:49:10     0.473    10.076
    36.1889  -75.9000     10.12.1994 19:49:20     0.472    10.076
    36.1889  -75.9000     10.12.1994 19:49:30     0.472    10.076
    36.1889  -75.9000     10.12.1994 19:49:40     0.471    10.076
    36.1889  -75.9000     10.12.1994 19:49:50     0.471    10.076
    36.1889  -75.9000     10.12.1994 19:50:00     0.470    10.076
    36.1889  -75.9000     10.12.1994 19:50:10     0.470    10.076
    36.1889  -75.9000     10.12.1994 19:50:20     0.470    10.076
    36.1889  -75.9000     10.12.1994 19:50:30     0.469    10.076
    36.1889  -75.9000     10.12.1994 19:50:40     0.469    10.076
    36.1889  -75.9000     10.12.1994 19:50:50     0.468    10.076
    36.1889  -75.9000     10.12.1994 19:51:00     0.468    10.076
    36.1889  -75.9000     10.12.1994 19:51:10     0.468    10.076
    36.1889  -75.9000     10.12.1994 19:51:20     0.467    10.076
    36.1889  -75.9000     10.12.1994 19:51:30     0.467    10.076
    36.1889  -75.9000     10.12.1994 19:51:40     0.466    10.076
    36.1889  -75.9000     10.12.1994 19:51:50     0.466    10.076
    36.1889  -75.9000     10.12.1994 19:52:00     0.466    10.076
    36.1889  -75.9000     10.12.1994 19:52:10     0.465    10.076
    36.1889  -75.9000     10.12.1994 19:52:20     0.465    10.076
    36.1889  -75.9000     10.12.1994 19:52:30     0.464    10.076
    36.1889  -75.9000     10.12.1994 19:52:40     0.464    10.076
    36.1889  -75.9000     10.12.1994 19:52:50     0.463    10.076
    36.1889  -75.9000     10.12.1994 19:53:00     0.463    10.076
    36.1889  -75.9000     10.12.1994 19:53:10     0.463    10.076
    36.1889  -75.9000     10.12.1994 19:53:20     0.462    10.076
    36.1889  -75.9000     10.12.1994 19:53:30     0.462    10.076
    36.1889  -75.9000     10.12.1994 19:53:40     0.461    10.076
    36.1889  -75.9000     10.12.1994 19:53:50     0.461    10.076
    36.1889  -75.9000     10.12.1994 19:54:00     0.461    10.076
    36.1889  -75.9000     10.12.1994 19:54:10     0.460    10.076
    36.1889  -75.9000     10.12.1994 19:54:20     0.460    10.076
    36.1889  -75.9000     10.12.1994 19:54:30     0.459    10.076
    36.1889  -75.9000     10.12.1994 19:54:40     0.459    10.076
    36.1889  -75.9000     10.12.1994 19:54:50     0.458    10.076
    36.1889  -75.9000     10.12.1994 19:55:00     0.458    10.076
    36.1889  -75.9000     10.12.1994 19:55:10     0.458    10.076
    36.1889  -75.9000     10.12.1994 19:55:20     0.457    10.076
    36.1889  -75.9000     10.12.1994 19:55:30     0.457    10.076
    36.1889  -75.9000     10.12.1994 19:55:40     0.456    10.076
    36.1889  -75.9000     10.12.1994 19:55:50     0.456    10.076
    36.1889  -75.9000     10.12.1994 19:56:00     0.455    10.076
    36.1889  -75.9000     10.12.1994 19:56:10     0.455    10.076
    36.1889  -75.9000     10.12.1994 19:56:20     0.455    10.076
    36.1889  -75.9000     10.12.1994 19:56:30     0.454    10.076
    36.1889  -75.9000     10.12.1994 19:56:40     0.454    10.076
    36.1889  -75.9000     10.12.1994 19:56:50     0.453    10.076
    36.1889  -75.9000     10.12.1994 19:57:00     0.453    10.076
    36.1889  -75.9000     10.12.1994 19:57:10     0.452    10.076
    36.1889  -75.9000     10.12.1994 19:57:20     0.452    10.076
    36.1889  -75.9000     10.12.1994 19:57:30     0.451    10.076
    36.1889  -75.9000     10.12.1994 19:57:40     0.451    10.076
    36.1889  -75.9000     10.12.1994 19:57:50     0.451    10.076
    36.1889  -75.9000     10.12.1994 19:58:00     0.450    10.076
    36.1889  -75.9000     10.12.1994 19:58:10     0.450    10.076
    36.1889  -75.9000     10.12.1994 19:58:20     0.449    10.076
    36.1889  -75.9000     10.12.1994 19:58:30     0.449    10.076
    36.1889  -75.9000     10.12.1994 19:58:40     0.448    10.076
    36.1889  -75.9000     10.12.1994 19:58:50     0.448    10.076
    36.1889  -75.9000     10.12.1994 19:59:00     0.447    10.076
    36.1889  -75.9000     10.12.1994 19:59:10     0.447    10.076
    36.1889  -75.9000     10.12.1994 19:59:20     0.447    10.076
    36.1889  -75.9000     10.12.1994 19:59:30     0.446    10.076
    36.1889  -75.9000     10.12.1994 19:59:40     0.446    10.076
    36.1889  -75.9000     10.12.1994 19:59:50     0.445    10.076
    36.1889  -75.9000     10.12.1994 20:00:00     0.445    10.076
    36.1889  -75.9000     10.12.1994 20:00:10     0.444    10.076
    36.1889  -75.9000     10.12.1994 20:00:20     0.444    10.076
    36.1889  -75.9000     10.12.1994 20:00:30     0.443    10.076
    36.1889  -75.9000     10.12.1994 20:00:40     0.443    10.076
    36.1889  -75.9000     10.12.1994 20:00:50     0.443    10.076
    36.1889  -75.9000     10.12.1994 20:01:00     0.442    10.076
    36.1889  -75.9000     10.12.1994 20:01:10     0.442    10.076
    36.1889  -75.9000     10.12.1994 20:01:20     0.441    10.076
    36.1889  -75.9000     10.12.1994 20:01:30     0.441    10.076
    36.1889  -75.9000     10.12.1994 20:01:40     0.440    10.076
    36.1889  -75.9000     10.12.1994 20:01:50     0.440    10.076
    36.1889  -75.9000     10.12.1994 20:02:00     0.439    10.076
    36.1889  -75.9000     10.12.1994 20:02:10     0.439    10.076
    36.1889  -75.9000     10.12.1994 20:02:20     0.438    10.076
    36.1889  -75.9000     10.12.1994 20:02:30     0.438    10.076
    36.1889  -75.9000     10.12.1994 20:02:40     0.438    10.076
    36.1889  -75.9000     10.12.1994 20:02:50     0.437    10.076
    36.1889  -75.9000     10.12.1994 20:03:00     0.437    10.076
    36.1889  -75.9000     10.12.1994 20:03:10     0.436    10.076
    36.1889  -75.9000     10.12.1994 20:03:20     0.436    10.076
    36.1889  -75.9000     10.12.1994 20:03:30     0.435    10.076
    36.1889  -75.9000     10.12.1994 20:03:40     0.435    10.076
    36.1889  -75.9000     10.12.1994 20:03:50     0.434    10.076
    36.1889  -75.9000     10.12.1994 20:04:00     0.434    10.076
    36.1889  -75.9000     10.12.1994 20:04:10     0.433    10.076
    36.1889  -75.9000     10.12.1994 20:04:20     0.433    10.076
    36.1889  -75.9000     10.12.1994 20:04:30     0.432    10.076
    36.1889  -75.9000     10.12.1994 20:04:40     0.432    10.076
    36.1889  -75.9000     10.12.1994 20:04:50     0.431    10.076
    36.1889  -75.9000     10.12.1994 20:05:00     0.431    10.076
    36.1889  -75.9000     10.12.1994 20:05:10     0.431    10.076
    36.1889  -75.9000     10.12.1994 20:05:20     0.430    10.076
    36.1889  -75.9000     10.12.1994 20:05:30     0.430    10.076
    36.1889  -75.9000     10.12.1994 20:05:40     0.429    10.076
    36.1889  -75.9000     10.12.1994 20:05:50     0.429    10.076
    36.1889  -75.9000     10.12.1994 20:06:00     0.428    10.076
    36.1889  -75.9000     10.12.1994 20:06:10     0.428    10.076
    36.1889  -75.9000     10.12.1994 20:06:20     0.427    10.076
    36.1889  -75.9000     10.12.1994 20:06:30     0.427    10.076
    36.1889  -75.9000     10.12.1994 20:06:40     0.426    10.076
    36.1889  -75.9000     10.12.1994 20:06:50     0.426    10.076
    36.1889  -75.9000     10.12.1994 20:07:00     0.425    10.076
    36.1889  -75.9000     10.12.1994 20:07:10     0.425    10.076
    36.1889  -75.9000     10.12.1994 20:07:20     0.424    10.076
    36.1889  -75.9000     10.12.1994 20:07:30     0.424    10.076
    36.1889  -75.9000     10.12.1994 20:07:40     0.423    10.076
    36.1889  -75.9000     10.12.1994 20:07:50     0.423    10.076
    36.1889  -75.9000     10.12.1994 20:08:00     0.422    10.076
    36.1889  -75.9000     10.12.1994 20:08:10     0.422    10.076
    36.1889  -75.9000     10.12.1994 20:08:20     0.421    10.076
    36.1889  -75.9000     10.12.1994 20:08:30     0.421    10.076
    36.1889  -75.9000     10.12.1994 20:08:40     0.420    10.076
    36.1889  -75.9000     10.12.1994 20:08:50     0.420    10.076
    36.1889  -75.9000     10.12.1994 20:09:00     0.420    10.076
    36.1889  -75.9000     10.12.1994 20:09:10     0.419    10.076
    36.1889  -75.9000     10.12.1994 20:09:20     0.419    10.076
    36.1889  -75.9000     10.12.1994 20:09:30     0.418    10.076
    36.1889  -75.9000     10.12.1994 20:09:40     0.418    10.076
    36.1889  -75.9000     10.12.1994 20:09:50     0.417    10.076
    36.1889  -75.9000     10.12.1994 20:10:00     0.417    10.076
    36.1889  -75.9000     10.12.1994 20:10:10     0.416    10.076
    36.1889  -75.9000     10.12.1994 20:10:20     0.416    10.076
    36.1889  -75.9000     10.12.1994 20:10:30     0.415    10.076
    36.1889  -75.9000     10.12.1994 20:10:40     0.415    10.076
    36.1889  -75.9000     10.12.1994 20:10:50     0.414    10.076
    36.1889  -75.9000     10.12.1994 20:11:00     0.414    10.076
    36.1889  -75.9000     10.12.1994 20:11:10     0.413    10.076
    36.1889  -75.9000     10.12.1994 20:11:20     0.413    10.076
    36.1889  -75.9000     10.12.1994 20:11:30     0.412    10.076
    36.1889  -75.9000     10.12.1994 20:11:40     0.412    10.076
    36.1889  -75.9000     10.12.1994 20:11:50     0.411    10.076
    36.1889  -75.9000     10.12.1994 20:12:00     0.411    10.076
    36.1889  -75.9000     10.12.1994 20:12:10     0.410    10.076
    36.1889  -75.9000     10.12.1994 20:12:20     0.410    10.076
    36.1889  -75.9000     10.12.1994 20:12:30     0.409    10.076
    36.1889  -75.9000     10.12.1994 20:12:40     0.409    10.076
    36.1889  -75.9000     10.12.1994 20:12:50     0.408    10.076
    36.1889  -75.9000     10.12.1994 20:13:00     0.408    10.076
    36.1889  -75.9000     10.12.1994 20:13:10     0.407    10.076
    36.1889  -75.9000     10.12.1994 20:13:20     0.407    10.076
    36.1889  -75.9000     10.12.1994 20:13:30     0.406    10.076
    36.1889  -75.9000     10.12.1994 20:13:40     0.406    10.076
    36.1889  -75.9000     10.12.1994 20:13:50     0.405    10.076
    36.1889  -75.9000     10.12.1994 20:14:00     0.405    10.076
    36.1889  -75.9000     10.12.1994 20:14:10     0.404    10.076
    36.1889  -75.9000     10.12.1994 20:14:20     0.404    10.076
    36.1889  -75.9000     10.12.1994 20:14:30     0.403    10.076
    36.1889  -75.9000     10.12.1994 20:14:40     0.403    10.076
    36.1889  -75.9000     10.12.1994 20:14:50     0.402    10.076
    36.1889  -75.9000     10.12.1994 20:15:00     0.402    10.076
    36.1889  -75.9000     10.12.1994 20:15:10     0.401    10.076
    36.1889  -75.9000     10.12.1994 20:15:20     0.401    10.076
    36.1889  -75.9000     10.12.1994 20:15:30     0.400    10.076
    36.1889  -75.9000     10.12.1994 20:15:40     0.400    10.076
    36.1889  -75.9000     10.12.1994 20:15:50     0.399    10.076
    36.1889  -75.9000     10.12.1994 20:16:00     0.399    10.076
    36.1889  -75.9000     10.12.1994 20:16:10     0.398    10.076
    36.1889  -75.9000     10.12.1994 20:16:20     0.398    10.076
    36.1889  -75.9000     10.12.1994 20:16:30     0.397    10.076
    36.1889  -75.9000     10.12.1994 20:16:40     0.396    10.076
    36.1889  -75.9000     10.12.1994 20:16:50     0.396    10.076
    36.1889  -75.9000     10.12.1994 20:17:00     0.395    10.076
    36.1889  -75.9000     10.12.1994 20:17:10     0.395    10.076
    36.1889  -75.9000     10.12.1994 20:17:20     0.394    10.076
    36.1889  -75.9000     10.12.1994 20:17:30     0.394    10.076
    36.1889  -75.9000     10.12.1994 20:17:40     0.393    10.076
    36.1889  -75.9000     10.12.1994 20:17:50     0.393    10.076
    36.1889  -75.9000     10.12.1994 20:18:00     0.392    10.076
    36.1889  -75.9000     10.12.1994 20:18:10     0.392    10.076
    36.1889  -75.9000     10.12.1994 20:18:20     0.391    10.076
    36.1889  -75.9000     10.12.1994 20:18:30     0.391    10.076
    36.1889  -75.9000     10.12.1994 20:18:40     0.390    10.076
    36.1889  -75.9000     10.12.1994 20:18:50     0.390    10.076
    36.1889  -75.9000     10.12.1994 20:19:00     0.389    10.076
    36.1889  -75.9000     10.12.1994 20:19:10     0.389    10.076
    36.1889  -75.9000     10.12.1994 20:19:20     0.388    10.076
    36.1889  -75.9000     10.12.1994 20:19:30     0.388    10.076
    36.1889  -75.9000     10.12.1994 20:19:40     0.387    10.076
    36.1889  -75.9000     10.12.1994 20:19:50     0.387    10.076
    36.1889  -75.9000     10.12.1994 20:20:00     0.386    10.076
    36.1889  -75.9000     10.12.1994 20:20:10     0.386    10.076
    36.1889  -75.9000     10.12.1994 20:20:20     0.385    10.076
    36.1889  -75.9000     10.12.1994 20:20:30     0.384    10.076
    36.1889  -75.9000     10.12.1994 20:20:40     0.384    10.076
    36.1889  -75.9000     10.12.1994 20:20:50     0.383    10.076
    36.1889  -75.9000     10.12.1994 20:21:00     0.383    10.076
    36.1889  -75.9000     10.12.1994 20:21:10     0.382    10.076
    36.1889  -75.9000     10.12.1994 20:21:20     0.382    10.076
    36.1889  -75.9000     10.12.1994 20:21:30     0.381    10.076
    36.1889  -75.9000     10.12.1994 20:21:40     0.381    10.076
    36.1889  -75.9000     10.12.1994 20:21:50     0.380    10.076
    36.1889  -75.9000     10.12.1994 20:22:00     0.380    10.076
    36.1889  -75.9000     10.12.1994 20:22:10     0.379    10.076
    36.1889  -75.9000     10.12.1994 20:22:20     0.379    10.076
    36.1889  -75.9000     10.12.1994 20:22:30     0.378    10.076
    36.1889  -75.9000     10.12.1994 20:22:40     0.378    10.076
    36.1889  -75.9000     10.12.1994 20:22:50     0.377    10.076
    36.1889  -75.9000     10.12.1994 20:23:00     0.376    10.076
    36.1889  -75.9000     10.12.1994 20:23:10     0.376    10.076
    36.1889  -75.9000     10.12.1994 20:23:20     0.375    10.076
    36.1889  -75.9000     10.12.1994 20:23:30     0.375    10.076
    36.1889  -75.9000     10.12.1994 20:23:40     0.374    10.076
    36.1889  -75.9000     10.12.1994 20:23:50     0.374    10.076
    36.1889  -75.9000     10.12.1994 20:24:00     0.373    10.076
    36.1889  -75.9000     10.12.1994 20:24:10     0.373    10.076
    36.1889  -75.9000     10.12.1994 20:24:20     0.372    10.076
    36.1889  -75.9000     10.12.1994 20:24:30     0.372    10.076
    36.1889  -75.9000     10.12.1994 20:24:40     0.371    10.076
    36.1889  -75.9000     10.12.1994 20:24:50     0.371    10.076
    36.1889  -75.9000     10.12.1994 20:25:00     0.370    10.076
    36.1889  -75.9000     10.12.1994 20:25:10     0.369    10.076
    36.1889  -75.9000     10.12.1994 20:25:20     0.369    10.076
    36.1889  -75.9000     10.12.1994 20:25:30     0.368    10.076
    36.1889  -75.9000     10.12.1994 20:25:40     0.368    10.076
    36.1889  -75.9000     10.12.1994 20:25:50     0.367    10.076
    36.1889  -75.9000     10.12.1994 20:26:00     0.367    10.076
    36.1889  -75.9000     10.12.1994 20:26:10     0.366    10.076
    36.1889  -75.9000     10.12.1994 20:26:20     0.366    10.076
    36.1889  -75.9000     10.12.1994 20:26:30     0.365    10.076
    36.1889  -75.9000     10.12.1994 20:26:40     0.364    10.076
    36.1889  -75.9000     10.12.1994 20:26:50     0.364    10.076
    36.1889  -75.9000     10.12.1994 20:27:00     0.363    10.076
    36.1889  -75.9000     10.12.1994 20:27:10     0.363    10.076
    36.1889  -75.9000     10.12.1994 20:27:20     0.362    10.076
    36.1889  -75.9000     10.12.1994 20:27:30     0.362    10.076
    36.1889  -75.9000     10.12.1994 20:27:40     0.361    10.076
    36.1889  -75.9000     10.12.1994 20:27:50     0.361    10.076
    36.1889  -75.9000     10.12.1994 20:28:00     0.360    10.076
    36.1889  -75.9000     10.12.1994 20:28:10     0.360    10.076
    36.1889  -75.9000     10.12.1994 20:28:20     0.359    10.076
    36.1889  -75.9000     10.12.1994 20:28:30     0.358    10.076
    36.1889  -75.9000     10.12.1994 20:28:40     0.358    10.076
    36.1889  -75.9000     10.12.1994 20:28:50     0.357    10.076
    36.1889  -75.9000     10.12.1994 20:29:00     0.357    10.076
    36.1889  -75.9000     10.12.1994 20:29:10     0.356    10.076
    36.1889  -75.9000     10.12.1994 20:29:20     0.356    10.076
    36.1889  -75.9000     10.12.1994 20:29:30     0.355    10.076
    36.1889  -75.9000     10.12.1994 20:29:40     0.354    10.076
    36.1889  -75.9000     10.12.1994 20:29:50     0.354    10.076
    36.1889  -75.9000     10.12.1994 20:30:00     0.353    10.076
    36.1889  -75.9000     10.12.1994 20:30:10     0.353    10.076
    36.1889  -75.9000     10.12.1994 20:30:20     0.352    10.076
    36.1889  -75.9000     10.12.1994 20:30:30     0.352    10.076
    36.1889  -75.9000     10.12.1994 20:30:40     0.351    10.076
    36.1889  -75.9000     10.12.1994 20:30:50     0.351    10.076
    36.1889  -75.9000     10.12.1994 20:31:00     0.350    10.076
    36.1889  -75.9000     10.12.1994 20:31:10     0.349    10.076
    36.1889  -75.9000     10.12.1994 20:31:20     0.349    10.076
    36.1889  -75.9000     10.12.1994 20:31:30     0.348    10.076
    36.1889  -75.9000     10.12.1994 20:31:40     0.348    10.076
    36.1889  -75.9000     10.12.1994 20:31:50     0.347    10.076
    36.1889  -75.9000     10.12.1994 20:32:00     0.347    10.076
    36.1889  -75.9000     10.12.1994 20:32:10     0.346    10.076
    36.1889  -75.9000     10.12.1994 20:32:20     0.345    10.076
    36.1889  -75.9000     10.12.1994 20:32:30     0.345    10.076
    36.1889  -75.9000     10.12.1994 20:32:40     0.344    10.076
    36.1889  -75.9000     10.12.1994 20:32:50     0.344    10.076
    36.1889  -75.9000     10.12.1994 20:33:00     0.343    10.076
    36.1889  -75.9000     10.12.1994 20:33:10     0.343    10.076
    36.1889  -75.9000     10.12.1994 20:33:20     0.342    10.076
    36.1889  -75.9000     10.12.1994 20:33:30     0.341    10.076
    36.1889  -75.9000     10.12.1994 20:33:40     0.341    10.076
    36.1889  -75.9000     10.12.1994 20:33:50     0.340    10.076
    36.1889  -75.9000     10.12.1994 20:34:00     0.340    10.076
    36.1889  -75.9000     10.12.1994 20:34:10     0.339    10.076
    36.1889  -75.9000     10.12.1994 20:34:20     0.339    10.076
    36.1889  -75.9000     10.12.1994 20:34:30     0.338    10.076
    36.1889  -75.9000     10.12.1994 20:34:40     0.337    10.076
    36.1889  -75.9000     10.12.1994 20:34:50     0.337    10.076
    36.1889  -75.9000     10.12.1994 20:35:00     0.336    10.076
    36.1889  -75.9000     10.12.1994 20:35:10     0.336    10.076
    36.1889  -75.9000     10.12.1994 20:35:20     0.335    10.076
    36.1889  -75.9000     10.12.1994 20:35:30     0.335    10.076
    36.1889  -75.9000     10.12.1994 20:35:40     0.334    10.076
    36.1889  -75.9000     10.12.1994 20:35:50     0.333    10.076
    36.1889  -75.9000     10.12.1994 20:36:00     0.333    10.076
    36.1889  -75.9000     10.12.1994 20:36:10     0.332    10.076
    36.1889  -75.9000     10.12.1994 20:36:20     0.332    10.076
    36.1889  -75.9000     10.12.1994 20:36:30     0.331    10.076
    36.1889  -75.9000     10.12.1994 20:36:40     0.331    10.076
    36.1889  -75.9000     10.12.1994 20:36:50     0.330    10.076
    36.1889  -75.9000     10.12.1994 20:37:00     0.329    10.076
    36.1889  -75.9000     10.12.1994 20:37:10     0.329    10.076
    36.1889  -75.9000     10.12.1994 20:37:20     0.328    10.076
    36.1889  -75.9000     10.12.1994 20:37:30     0.328    10.076
    36.1889  -75.9000     10.12.1994 20:37:40     0.327    10.076
    36.1889  -75.9000     10.12.1994 20:37:50     0.326    10.076
    36.1889  -75.9000     10.12.1994 20:38:00     0.326    10.076
    36.1889  -75.9000     10.12.1994 20:38:10     0.325    10.076
    36.1889  -75.9000     10.12.1994 20:38:20     0.325    10.076
    36.1889  -75.9000     10.12.1994 20:38:30     0.324    10.076
    36.1889  -75.9000     10.12.1994 20:38:40     0.324    10.076
    36.1889  -75.9000     10.12.1994 20:38:50     0.323    10.076
    36.1889  -75.9000     10.12.1994 20:39:00     0.322    10.076
    36.1889  -75.9000     10.12.1994 20:39:10     0.322    10.076
    36.1889  -75.9000     10.12.1994 20:39:20     0.321    10.076
    36.1889  -75.9000     10.12.1994 20:39:30     0.321    10.076
    36.1889  -75.9000     10.12.1994 20:39:40     0.320    10.076
    36.1889  -75.9000     10.12.1994 20:39:50     0.319    10.076
    36.1889  -75.9000     10.12.1994 20:40:00     0.319    10.076
    36.1889  -75.9000     10.12.1994 20:40:10     0.318    10.076
    36.1889  -75.9000     10.12.1994 20:40:20     0.318    10.076
    36.1889  -75.9000     10.12.1994 20:40:30     0.317    10.076
    36.1889  -75.9000     10.12.1994 20:40:40     0.316    10.076
    36.1889  -75.9000     10.12.1994 20:40:50     0.316    10.076
    36.1889  -75.9000     10.12.1994 20:41:00     0.315    10.076
    36.1889  -75.9000     10.12.1994 20:41:10     0.315    10.076
    36.1889  -75.9000     10.12.1994 20:41:20     0.314    10.076
    36.1889  -75.9000     10.12.1994 20:41:30     0.313    10.076
    36.1889  -75.9000     10.12.1994 20:41:40     0.313    10.076
    36.1889  -75.9000     10.12.1994 20:41:50     0.312    10.076
    36.1889  -75.9000     10.12.1994 20:42:00     0.312    10.076
    36.1889  -75.9000     10.12.1994 20:42:10     0.311    10.076
    36.1889  -75.9000     10.12.1994 20:42:20     0.310    10.076
    36.1889  -75.9000     10.12.1994 20:42:30     0.310    10.076
    36.1889  -75.9000     10.12.1994 20:42:40     0.309    10.076
    36.1889  -75.9000     10.12.1994 20:42:50     0.309    10.076
    36.1889  -75.9000     10.12.1994 20:43:00     0.308    10.076
    36.1889  -75.9000     10.12.1994 20:43:10     0.307    10.076
    36.1889  -75.9000     10.12.1994 20:43:20     0.307    10.076
    36.1889  -75.9000     10.12.1994 20:43:30     0.306    10.076
    36.1889  -75.9000     10.12.1994 20:43:40     0.306    10.076
    36.1889  -75.9000     10.12.1994 20:43:50     0.305    10.076
    36.1889  -75.9000     10.12.1994 20:44:00     0.304    10.076
    36.1889  -75.9000     10.12.1994 20:44:10     0.304    10.076
    36.1889  -75.9000     10.12.1994 20:44:20     0.303    10.076
    36.1889  -75.9000     10.12.1994 20:44:30     0.303    10.076
    36.1889  -75.9000     10.12.1994 20:44:40     0.302    10.076
    36.1889  -75.9000     10.12.1994 20:44:50     0.301    10.076
    36.1889  -75.9000     10.12.1994 20:45:00     0.301    10.076
    36.1889  -75.9000     10.12.1994 20:45:10     0.300    10.076
    36.1889  -75.9000     10.12.1994 20:45:20     0.300    10.076
    36.1889  -75.9000     10.12.1994 20:45:30     0.299    10.076
    36.1889  -75.9000     10.12.1994 20:45:40     0.298    10.076
    36.1889  -75.9000     10.12.1994 20:45:50     0.298    10.076
    36.1889  -75.9000     10.12.1994 20:46:00     0.297    10.076
    36.1889  -75.9000     10.12.1994 20:46:10     0.297    10.076
    36.1889  -75.9000     10.12.1994 20:46:20     0.296    10.076
    36.1889  -75.9000     10.12.1994 20:46:30     0.295    10.076
    36.1889  -75.9000     10.12.1994 20:46:40     0.295    10.076
    36.1889  -75.9000     10.12.1994 20:46:50     0.294    10.076
    36.1889  -75.9000     10.12.1994 20:47:00     0.294    10.076
    36.1889  -75.9000     10.12.1994 20:47:10     0.293    10.076
    36.1889  -75.9000     10.12.1994 20:47:20     0.292    10.076
    36.1889  -75.9000     10.12.1994 20:47:30     0.292    10.076
    36.1889  -75.9000     10.12.1994 20:47:40     0.291    10.076
    36.1889  -75.9000     10.12.1994 20:47:50     0.291    10.076
    36.1889  -75.9000     10.12.1994 20:48:00     0.290    10.076
    36.1889  -75.9000     10.12.1994 20:48:10     0.289    10.076
    36.1889  -75.9000     10.12.1994 20:48:20     0.289    10.076
    36.1889  -75.9000     10.12.1994 20:48:30     0.288    10.076
    36.1889  -75.9000     10.12.1994 20:48:40     0.287    10.076
    36.1889  -75.9000     10.12.1994 20:48:50     0.287    10.076
    36.1889  -75.9000     10.12.1994 20:49:00     0.286    10.076
    36.1889  -75.9000     10.12.1994 20:49:10     0.286    10.076
    36.1889  -75.9000     10.12.1994 20:49:20     0.285    10.076
    36.1889  -75.9000     10.12.1994 20:49:30     0.284    10.076
    36.1889  -75.9000     10.12.1994 20:49:40     0.284    10.076
    36.1889  -75.9000     10.12.1994 20:49:50     0.283    10.076
    36.1889  -75.9000     10.12.1994 20:50:00     0.283    10.076
    36.1889  -75.9000     10.12.1994 20:50:10     0.282    10.076
    36.1889  -75.9000     10.12.1994 20:50:20     0.281    10.076
    36.1889  -75.9000     10.12.1994 20:50:30     0.281    10.076
    36.1889  -75.9000     10.12.1994 20:50:40     0.280    10.076
    36.1889  -75.9000     10.12.1994 20:50:50     0.279    10.076
    36.1889  -75.9000     10.12.1994 20:51:00     0.279    10.076
    36.1889  -75.9000     10.12.1994 20:51:10     0.278    10.076
    36.1889  -75.9000     10.12.1994 20:51:20     0.278    10.076
    36.1889  -75.9000     10.12.1994 20:51:30     0.277    10.076
    36.1889  -75.9000     10.12.1994 20:51:40     0.276    10.076
    36.1889  -75.9000     10.12.1994 20:51:50     0.276    10.076
    36.1889  -75.9000     10.12.1994 20:52:00     0.275    10.076
    36.1889  -75.9000     10.12.1994 20:52:10     0.274    10.076
    36.1889  -75.9000     10.12.1994 20:52:20     0.274    10.076
    36.1889  -75.9000     10.12.1994 20:52:30     0.273    10.076
    36.1889  -75.9000     10.12.1994 20:52:40     0.273    10.076
    36.1889  -75.9000     10.12.1994 20:52:50     0.272    10.076
    36.1889  -75.9000     10.12.1994 20:53:00     0.271    10.076
    36.1889  -75.9000     10.12.1994 20:53:10     0.271    10.076
    36.1889  -75.9000     10.12.1994 20:53:20     0.270    10.076
    36.1889  -75.9000     10.12.1994 20:53:30     0.269    10.076
    36.1889  -75.9000     10.12.1994 20:53:40     0.269    10.076
    36.1889  -75.9000     10.12.1994 20:53:50     0.268    10.076
    36.1889  -75.9000     10.12.1994 20:54:00     0.268    10.076
    36.1889  -75.9000     10.12.1994 20:54:10     0.267    10.076
    36.1889  -75.9000     10.12.1994 20:54:20     0.266    10.076
    36.1889  -75.9000     10.12.1994 20:54:30     0.266    10.076
    36.1889  -75.9000     10.12.1994 20:54:40     0.265    10.076
    36.1889  -75.9000     10.12.1994 20:54:50     0.264    10.076
    36.1889  -75.9000     10.12.1994 20:55:00     0.264    10.076
    36.1889  -75.9000     10.12.1994 20:55:10     0.263    10.076
    36.1889  -75.9000     10.12.1994 20:55:20     0.263    10.076
    36.1889  -75.9000     10.12.1994 20:55:30     0.262    10.076
    36.1889  -75.9000     10.12.1994 20:55:40     0.261    10.076
    36.1889  -75.9000     10.12.1994 20:55:50     0.261    10.076
    36.1889  -75.9000     10.12.1994 20:56:00     0.260    10.076
    36.1889  -75.9000     10.12.1994 20:56:10     0.259    10.076
    36.1889  -75.9000     10.12.1994 20:56:20     0.259    10.076
    36.1889  -75.9000     10.12.1994 20:56:30     0.258    10.076
    36.1889  -75.9000     10.12.1994 20:56:40     0.258    10.076
    36.1889  -75.9000     10.12.1994 20:56:50     0.257    10.076
    36.1889  -75.9000     10.12.1994 20:57:00     0.256    10.076
    36.1889  -75.9000     10.12.1994 20:57:10     0.256    10.076
    36.1889  -75.9000     10.12.1994 20:57:20     0.255    10.076
    36.1889  -75.9000     10.12.1994 20:57:30     0.254    10.076
    36.1889  -75.9000     10.12.1994 20:57:40     0.254    10.076
    36.1889  -75.9000     10.12.1994 20:57:50     0.253    10.076
    36.1889  -75.9000     10.12.1994 20:58:00     0.252    10.076
    36.1889  -75.9000     10.12.1994 20:58:10     0.252    10.076
    36.1889  -75.9000     10.12.1994 20:58:20     0.251    10.076
    36.1889  -75.9000     10.12.1994 20:58:30     0.251    10.076
    36.1889  -75.9000     10.12.1994 20:58:40     0.250    10.076
    36.1889  -75.9000     10.12.1994 20:58:50     0.249    10.076
    36.1889  -75.9000     10.12.1994 20:59:00     0.249    10.076
    36.1889  -75.9000     10.12.1994 20:59:10     0.248    10.076
    36.1889  -75.9000     10.12.1994 20:59:20     0.247    10.076
    36.1889  -75.9000     10.12.1994 20:59:30     0.247    10.076
    36.1889  -75.9000     10.12.1994 20:59:40     0.246    10.076
    36.1889  -75.9000     10.12.1994 20:59:50     0.245    10.076
    36.1889  -75.9000     10.12.1994 21:00:00     0.245    10.076
